[ 2019-03-26T00:00:13+08:00 ] 192.168.1.6 /dashboard/www/BankHelperAdministration/home/index/getBankMessage
INFO: [ app_init ] --START--
INFO: Run Behavior\BuildLiteBehavior [ RunTime:0.000007s ]
INFO: [ app_init ] --END-- [ RunTime:0.000512s ]
INFO: [ app_begin ] --START--
INFO: Run Behavior\ReadHtmlCacheBehavior [ RunTime:0.000758s ]
INFO: [ app_begin ] --END-- [ RunTime:0.000788s ]
NOTIC: [2] Declaration of Home\Controller\IndexController::show() should be compatible with Think\Controller::show($content, $charset = '', $contentType = '', $prefix = '') F:\NewXampp\htdocs\dashboard\www\BankHelperAdministration\Application\Home\Controller\IndexController.class.php 第 950 行.
SQL: SHOW COLUMNS FROM `bank_message` [ RunTime:0.0164s ]
SQL: SELECT * FROM `bank_message` ORDER BY id desc  [ RunTime:0.0005s ]
INFO: [ app_end ] --START--
INFO: Run Behavior\ShowPageTraceBehavior [ RunTime:0.000863s ]
INFO: [ app_end ] --END-- [ RunTime:0.000894s ]

[ 2019-03-26T00:07:49+08:00 ] ::1 /dashboard/www/BankHelperAdministration/Home/ImportIn
INFO: [ app_init ] --START--
INFO: Run Behavior\BuildLiteBehavior [ RunTime:0.000010s ]
INFO: [ app_init ] --END-- [ RunTime:0.001509s ]
INFO: [ app_begin ] --START--
INFO: Run Behavior\ReadHtmlCacheBehavior [ RunTime:0.001548s ]
INFO: [ app_begin ] --END-- [ RunTime:0.001580s ]
SQL: SHOW COLUMNS FROM `transfer_info` [ RunTime:0.0276s ]
SQL: SELECT * FROM `transfer_info` WHERE ( status = 0 )  [ RunTime:0.0003s ]
INFO: [ view_parse ] --START--
INFO: [ template_filter ] --START--
INFO: Run Behavior\ContentReplaceBehavior [ RunTime:0.000043s ]
INFO: [ template_filter ] --END-- [ RunTime:0.000074s ]
INFO: Run Behavior\ParseTemplateBehavior [ RunTime:0.026667s ]
INFO: [ view_parse ] --END-- [ RunTime:0.026697s ]
INFO: [ view_filter ] --START--
INFO: Run Behavior\WriteHtmlCacheBehavior [ RunTime:0.000554s ]
INFO: [ view_filter ] --END-- [ RunTime:0.000575s ]
INFO: [ app_end ] --START--
INFO: Run Behavior\ShowPageTraceBehavior [ RunTime:0.001866s ]
INFO: [ app_end ] --END-- [ RunTime:0.001925s ]

[ 2019-03-26T00:07:56+08:00 ] ::1 /dashboard/www/BankHelperAdministration/Home/ImportIn/passTransferApply?id=7&status=1&transfer_money=1&card_id=1
INFO: [ app_init ] --START--
INFO: Run Behavior\BuildLiteBehavior [ RunTime:0.000010s ]
INFO: [ app_init ] --END-- [ RunTime:0.000497s ]
INFO: [ app_begin ] --START--
INFO: Run Behavior\ReadHtmlCacheBehavior [ RunTime:0.000843s ]
INFO: [ app_begin ] --END-- [ RunTime:0.000873s ]
SQL: SHOW COLUMNS FROM `transfer_info` [ RunTime:0.0188s ]
SQL: UPDATE `transfer_info` SET `status`='1' WHERE ( id='7' ) [ RunTime:0.0380s ]
NOTIC: [2] Declaration of Home\Controller\IndexController::show() should be compatible with Think\Controller::show($content, $charset = '', $contentType = '', $prefix = '') F:\NewXampp\htdocs\dashboard\www\BankHelperAdministration\Application\Home\Controller\IndexController.class.php 第 950 行.
SQL: SHOW COLUMNS FROM `person_card` [ RunTime:0.0091s ]
SQL: SELECT `fixed_deposit` FROM `person_card` WHERE ( id='1' ) LIMIT 1   [ RunTime:0.0002s ]
SQL: SELECT `current_deposit` FROM `person_card` WHERE ( id='1' ) LIMIT 1   [ RunTime:0.0001s ]
SQL: UPDATE `person_card` SET `current_deposit`='30' WHERE ( id='1' ) [ RunTime:0.0379s ]
SQL: UPDATE `person_card` SET `fixed_deposit`='60' WHERE ( id='1' ) [ RunTime:0.0240s ]
SQL: SHOW COLUMNS FROM `bank_message` [ RunTime:0.0137s ]
SQL: INSERT INTO `bank_message` (`type`,`num`,`date`) VALUES ('5','1','19-03-26') [ RunTime:0.0538s ]
INFO: [ app_end ] --START--
INFO: Run Behavior\ShowPageTraceBehavior [ RunTime:0.000904s ]
INFO: [ app_end ] --END-- [ RunTime:0.000928s ]

[ 2019-03-26T00:07:59+08:00 ] ::1 /dashboard/www/BankHelperAdministration/Home/ImportIn
INFO: [ app_init ] --START--
INFO: Run Behavior\BuildLiteBehavior [ RunTime:0.000008s ]
INFO: [ app_init ] --END-- [ RunTime:0.000422s ]
INFO: [ app_begin ] --START--
INFO: Run Behavior\ReadHtmlCacheBehavior [ RunTime:0.000620s ]
INFO: [ app_begin ] --END-- [ RunTime:0.000649s ]
SQL: SHOW COLUMNS FROM `transfer_info` [ RunTime:0.0136s ]
SQL: SELECT * FROM `transfer_info` WHERE ( status = 0 )  [ RunTime:0.0009s ]
NOTIC: [8] Undefined variable: array F:\NewXampp\htdocs\dashboard\www\BankHelperAdministration\Application\Home\Controller\ImportInController.class.php 第 28 行.
INFO: [ view_parse ] --START--
INFO: [ template_filter ] --START--
INFO: Run Behavior\ContentReplaceBehavior [ RunTime:0.000043s ]
INFO: [ template_filter ] --END-- [ RunTime:0.000073s ]
INFO: Run Behavior\ParseTemplateBehavior [ RunTime:0.008550s ]
INFO: [ view_parse ] --END-- [ RunTime:0.008583s ]
INFO: [ view_filter ] --START--
INFO: Run Behavior\WriteHtmlCacheBehavior [ RunTime:0.000626s ]
INFO: [ view_filter ] --END-- [ RunTime:0.000646s ]
INFO: [ app_end ] --START--
INFO: Run Behavior\ShowPageTraceBehavior [ RunTime:0.000852s ]
INFO: [ app_end ] --END-- [ RunTime:0.000875s ]

[ 2019-03-26T00:10:03+08:00 ] ::1 /dashboard/www/BankHelperAdministration/Home/ImportIn
INFO: [ app_init ] --START--
INFO: Run Behavior\BuildLiteBehavior [ RunTime:0.000010s ]
INFO: [ app_init ] --END-- [ RunTime:0.000651s ]
INFO: [ app_begin ] --START--
INFO: Run Behavior\ReadHtmlCacheBehavior [ RunTime:0.000734s ]
INFO: [ app_begin ] --END-- [ RunTime:0.000777s ]
SQL: SHOW COLUMNS FROM `transfer_info` [ RunTime:0.0105s ]
SQL: SELECT * FROM `transfer_info` WHERE ( status = 0 )  [ RunTime:0.0003s ]
INFO: [ view_parse ] --START--
INFO: [ template_filter ] --START--
INFO: Run Behavior\ContentReplaceBehavior [ RunTime:0.000038s ]
INFO: [ template_filter ] --END-- [ RunTime:0.000062s ]
INFO: Run Behavior\ParseTemplateBehavior [ RunTime:0.008513s ]
INFO: [ view_parse ] --END-- [ RunTime:0.008542s ]
INFO: [ view_filter ] --START--
INFO: Run Behavior\WriteHtmlCacheBehavior [ RunTime:0.000449s ]
INFO: [ view_filter ] --END-- [ RunTime:0.000465s ]
INFO: [ app_end ] --START--
INFO: Run Behavior\ShowPageTraceBehavior [ RunTime:0.000713s ]
INFO: [ app_end ] --END-- [ RunTime:0.000738s ]

[ 2019-03-26T00:10:13+08:00 ] ::1 /dashboard/www/BankHelperAdministration/Home/ImportIn/passTransferApply?id=7&status=2&transfer_money=1&card_id=1
INFO: [ app_init ] --START--
INFO: Run Behavior\BuildLiteBehavior [ RunTime:0.000011s ]
INFO: [ app_init ] --END-- [ RunTime:0.000597s ]
INFO: [ app_begin ] --START--
INFO: Run Behavior\ReadHtmlCacheBehavior [ RunTime:0.000783s ]
INFO: [ app_begin ] --END-- [ RunTime:0.000811s ]
SQL: SHOW COLUMNS FROM `transfer_info` [ RunTime:0.0211s ]
SQL: UPDATE `transfer_info` SET `status`='2' WHERE ( id='7' ) [ RunTime:0.0951s ]
NOTIC: [2] Declaration of Home\Controller\IndexController::show() should be compatible with Think\Controller::show($content, $charset = '', $contentType = '', $prefix = '') F:\NewXampp\htdocs\dashboard\www\BankHelperAdministration\Application\Home\Controller\IndexController.class.php 第 950 行.
INFO: [ app_end ] --START--
INFO: Run Behavior\ShowPageTraceBehavior [ RunTime:0.000744s ]
INFO: [ app_end ] --END-- [ RunTime:0.000768s ]

[ 2019-03-26T00:10:16+08:00 ] ::1 /dashboard/www/BankHelperAdministration/Home/ImportIn
INFO: [ app_init ] --START--
INFO: Run Behavior\BuildLiteBehavior [ RunTime:0.000007s ]
INFO: [ app_init ] --END-- [ RunTime:0.000433s ]
INFO: [ app_begin ] --START--
INFO: Run Behavior\ReadHtmlCacheBehavior [ RunTime:0.000585s ]
INFO: [ app_begin ] --END-- [ RunTime:0.000610s ]
SQL: SHOW COLUMNS FROM `transfer_info` [ RunTime:0.0140s ]
SQL: SELECT * FROM `transfer_info` WHERE ( status = 0 )  [ RunTime:0.0003s ]
NOTIC: [8] Undefined variable: array F:\NewXampp\htdocs\dashboard\www\BankHelperAdministration\Application\Home\Controller\ImportInController.class.php 第 28 行.
INFO: [ view_parse ] --START--
INFO: [ template_filter ] --START--
INFO: Run Behavior\ContentReplaceBehavior [ RunTime:0.000037s ]
INFO: [ template_filter ] --END-- [ RunTime:0.000061s ]
INFO: Run Behavior\ParseTemplateBehavior [ RunTime:0.007247s ]
INFO: [ view_parse ] --END-- [ RunTime:0.007276s ]
INFO: [ view_filter ] --START--
INFO: Run Behavior\WriteHtmlCacheBehavior [ RunTime:0.000473s ]
INFO: [ view_filter ] --END-- [ RunTime:0.000489s ]
INFO: [ app_end ] --START--
INFO: Run Behavior\ShowPageTraceBehavior [ RunTime:0.000749s ]
INFO: [ app_end ] --END-- [ RunTime:0.000788s ]

