[ 2019-03-18T22:07:20+08:00 ] ::1 /dashboard/www/BankHelperAdministration/Home/RiskReport
INFO: [ app_init ] --START--
INFO: Run Behavior\BuildLiteBehavior [ RunTime:0.000005s ]
INFO: [ app_init ] --END-- [ RunTime:0.000430s ]
INFO: [ app_begin ] --START--
INFO: Run Behavior\ReadHtmlCacheBehavior [ RunTime:0.000606s ]
INFO: [ app_begin ] --END-- [ RunTime:0.000623s ]
SQL: SHOW COLUMNS FROM `risk` [ RunTime:0.0099s ]
SQL: SELECT * FROM `risk` WHERE ( type = 0 )  [ RunTime:0.0269s ]
INFO: [ view_parse ] --START--
INFO: [ template_filter ] --START--
INFO: Run Behavior\ContentReplaceBehavior [ RunTime:0.000032s ]
INFO: [ template_filter ] --END-- [ RunTime:0.000052s ]
INFO: Run Behavior\ParseTemplateBehavior [ RunTime:0.037133s ]
INFO: [ view_parse ] --END-- [ RunTime:0.037155s ]
INFO: [ view_filter ] --START--
INFO: Run Behavior\WriteHtmlCacheBehavior [ RunTime:0.008150s ]
INFO: [ view_filter ] --END-- [ RunTime:0.008173s ]
INFO: [ app_end ] --START--
INFO: Run Behavior\ShowPageTraceBehavior [ RunTime:0.000843s ]
INFO: [ app_end ] --END-- [ RunTime:0.000870s ]

[ 2019-03-18T22:07:29+08:00 ] ::1 /dashboard/www/BankHelperAdministration/Home/Feedback.html
INFO: [ app_init ] --START--
INFO: Run Behavior\BuildLiteBehavior [ RunTime:0.000007s ]
INFO: [ app_init ] --END-- [ RunTime:0.000447s ]
INFO: [ app_begin ] --START--
INFO: Run Behavior\ReadHtmlCacheBehavior [ RunTime:0.000557s ]
INFO: [ app_begin ] --END-- [ RunTime:0.000574s ]
SQL: SHOW COLUMNS FROM `feedback` [ RunTime:0.0094s ]
SQL: SELECT * FROM `feedback` WHERE ( type = 0 )  [ RunTime:0.0003s ]
INFO: [ view_parse ] --START--
INFO: [ template_filter ] --START--
INFO: Run Behavior\ContentReplaceBehavior [ RunTime:0.000057s ]
INFO: [ template_filter ] --END-- [ RunTime:0.000092s ]
INFO: Run Behavior\ParseTemplateBehavior [ RunTime:0.008212s ]
INFO: [ view_parse ] --END-- [ RunTime:0.008234s ]
INFO: [ view_filter ] --START--
INFO: Run Behavior\WriteHtmlCacheBehavior [ RunTime:0.000505s ]
INFO: [ view_filter ] --END-- [ RunTime:0.000520s ]
INFO: [ app_end ] --START--
INFO: Run Behavior\ShowPageTraceBehavior [ RunTime:0.000800s ]
INFO: [ app_end ] --END-- [ RunTime:0.000821s ]

[ 2019-03-18T22:07:32+08:00 ] ::1 /dashboard/www/BankHelperAdministration/Home/RiskReport
INFO: [ app_init ] --START--
INFO: Run Behavior\BuildLiteBehavior [ RunTime:0.000005s ]
INFO: [ app_init ] --END-- [ RunTime:0.000364s ]
INFO: [ app_begin ] --START--
INFO: Run Behavior\ReadHtmlCacheBehavior [ RunTime:0.000506s ]
INFO: [ app_begin ] --END-- [ RunTime:0.000525s ]
SQL: SHOW COLUMNS FROM `risk` [ RunTime:0.0135s ]
SQL: SELECT * FROM `risk` WHERE ( type = 0 )  [ RunTime:0.0003s ]
INFO: [ view_parse ] --START--
INFO: [ template_filter ] --START--
INFO: Run Behavior\ContentReplaceBehavior [ RunTime:0.000030s ]
INFO: [ template_filter ] --END-- [ RunTime:0.000045s ]
INFO: Run Behavior\ParseTemplateBehavior [ RunTime:0.005870s ]
INFO: [ view_parse ] --END-- [ RunTime:0.005912s ]
INFO: [ view_filter ] --START--
INFO: Run Behavior\WriteHtmlCacheBehavior [ RunTime:0.000508s ]
INFO: [ view_filter ] --END-- [ RunTime:0.000527s ]
INFO: [ app_end ] --START--
INFO: Run Behavior\ShowPageTraceBehavior [ RunTime:0.000740s ]
INFO: [ app_end ] --END-- [ RunTime:0.000761s ]

[ 2019-03-18T22:07:33+08:00 ] ::1 /dashboard/www/BankHelperAdministration/Home/ImportOut
INFO: [ app_init ] --START--
INFO: Run Behavior\BuildLiteBehavior [ RunTime:0.000005s ]
INFO: [ app_init ] --END-- [ RunTime:0.000388s ]
INFO: [ app_begin ] --START--
INFO: Run Behavior\ReadHtmlCacheBehavior [ RunTime:0.000605s ]
INFO: [ app_begin ] --END-- [ RunTime:0.000652s ]
INFO: [ view_parse ] --START--
INFO: [ template_filter ] --START--
INFO: Run Behavior\ContentReplaceBehavior [ RunTime:0.000027s ]
INFO: [ template_filter ] --END-- [ RunTime:0.000046s ]
INFO: Run Behavior\ParseTemplateBehavior [ RunTime:0.005474s ]
INFO: [ view_parse ] --END-- [ RunTime:0.005497s ]
INFO: [ view_filter ] --START--
INFO: Run Behavior\WriteHtmlCacheBehavior [ RunTime:0.000377s ]
INFO: [ view_filter ] --END-- [ RunTime:0.000391s ]
INFO: [ app_end ] --START--
INFO: Run Behavior\ShowPageTraceBehavior [ RunTime:0.000589s ]
INFO: [ app_end ] --END-- [ RunTime:0.000604s ]

[ 2019-03-18T22:07:34+08:00 ] ::1 /dashboard/www/BankHelperAdministration/Home/ImportIn
INFO: [ app_init ] --START--
INFO: Run Behavior\BuildLiteBehavior [ RunTime:0.000006s ]
INFO: [ app_init ] --END-- [ RunTime:0.000511s ]
INFO: [ app_begin ] --START--
INFO: Run Behavior\ReadHtmlCacheBehavior [ RunTime:0.000523s ]
INFO: [ app_begin ] --END-- [ RunTime:0.000545s ]
INFO: [ view_parse ] --START--
INFO: [ template_filter ] --START--
INFO: Run Behavior\ContentReplaceBehavior [ RunTime:0.000045s ]
INFO: [ template_filter ] --END-- [ RunTime:0.000092s ]
INFO: Run Behavior\ParseTemplateBehavior [ RunTime:0.006578s ]
INFO: [ view_parse ] --END-- [ RunTime:0.006616s ]
INFO: [ view_filter ] --START--
INFO: Run Behavior\WriteHtmlCacheBehavior [ RunTime:0.000389s ]
INFO: [ view_filter ] --END-- [ RunTime:0.000403s ]
INFO: [ app_end ] --START--
INFO: Run Behavior\ShowPageTraceBehavior [ RunTime:0.000594s ]
INFO: [ app_end ] --END-- [ RunTime:0.000609s ]

[ 2019-03-18T22:07:35+08:00 ] ::1 /dashboard/www/BankHelperAdministration/Home/User
INFO: [ app_init ] --START--
INFO: Run Behavior\BuildLiteBehavior [ RunTime:0.000006s ]
INFO: [ app_init ] --END-- [ RunTime:0.000429s ]
INFO: [ app_begin ] --START--
INFO: Run Behavior\ReadHtmlCacheBehavior [ RunTime:0.000538s ]
INFO: [ app_begin ] --END-- [ RunTime:0.000562s ]
SQL: SHOW COLUMNS FROM `person_info` [ RunTime:0.0404s ]
SQL: SELECT * FROM `person_info`  [ RunTime:0.0003s ]
INFO: [ view_parse ] --START--
INFO: [ template_filter ] --START--
INFO: Run Behavior\ContentReplaceBehavior [ RunTime:0.000057s ]
INFO: [ template_filter ] --END-- [ RunTime:0.000092s ]
INFO: Run Behavior\ParseTemplateBehavior [ RunTime:0.015850s ]
INFO: [ view_parse ] --END-- [ RunTime:0.015877s ]
INFO: [ view_filter ] --START--
INFO: Run Behavior\WriteHtmlCacheBehavior [ RunTime:0.000452s ]
INFO: [ view_filter ] --END-- [ RunTime:0.000470s ]
INFO: [ app_end ] --START--
INFO: Run Behavior\ShowPageTraceBehavior [ RunTime:0.000667s ]
INFO: [ app_end ] --END-- [ RunTime:0.000689s ]

[ 2019-03-18T22:08:19+08:00 ] 192.168.1.6 /dashboard/www/BankHelperAdministration/home/index/getFixDeposit
INFO: [ app_init ] --START--
INFO: Run Behavior\BuildLiteBehavior [ RunTime:0.000008s ]
INFO: [ app_init ] --END-- [ RunTime:0.000494s ]
INFO: [ app_begin ] --START--
INFO: Run Behavior\ReadHtmlCacheBehavior [ RunTime:0.001127s ]
INFO: [ app_begin ] --END-- [ RunTime:0.001165s ]
NOTIC: [2] Declaration of Home\Controller\IndexController::show() should be compatible with Think\Controller::show($content, $charset = '', $contentType = '', $prefix = '') F:\NewXampp\htdocs\dashboard\www\BankHelperAdministration\Application\Home\Controller\IndexController.class.php 第 928 行.
SQL: SHOW COLUMNS FROM `person_card` [ RunTime:0.0289s ]
SQL: SELECT `fixed_deposit` FROM `person_card` WHERE ( id = '1' ) LIMIT 1   [ RunTime:0.0004s ]
INFO: [ app_end ] --START--
INFO: Run Behavior\ShowPageTraceBehavior [ RunTime:0.000659s ]
INFO: [ app_end ] --END-- [ RunTime:0.000678s ]

[ 2019-03-18T22:08:20+08:00 ] 192.168.1.6 /dashboard/www/BankHelperAdministration/home/index/getCurrentDeposit
INFO: [ app_init ] --START--
INFO: Run Behavior\BuildLiteBehavior [ RunTime:0.000006s ]
INFO: [ app_init ] --END-- [ RunTime:0.000329s ]
INFO: [ app_begin ] --START--
INFO: Run Behavior\ReadHtmlCacheBehavior [ RunTime:0.000489s ]
INFO: [ app_begin ] --END-- [ RunTime:0.000509s ]
NOTIC: [2] Declaration of Home\Controller\IndexController::show() should be compatible with Think\Controller::show($content, $charset = '', $contentType = '', $prefix = '') F:\NewXampp\htdocs\dashboard\www\BankHelperAdministration\Application\Home\Controller\IndexController.class.php 第 928 行.
SQL: SHOW COLUMNS FROM `person_card` [ RunTime:0.0125s ]
SQL: SELECT `current_deposit` FROM `person_card` WHERE ( id = '1' ) LIMIT 1   [ RunTime:0.0003s ]
INFO: [ app_end ] --START--
INFO: Run Behavior\ShowPageTraceBehavior [ RunTime:0.000704s ]
INFO: [ app_end ] --END-- [ RunTime:0.000729s ]

[ 2019-03-18T22:41:41+08:00 ] 192.168.1.6 /dashboard/www/BankHelperAdministration/home/index/login
INFO: [ app_init ] --START--
INFO: Run Behavior\BuildLiteBehavior [ RunTime:0.000006s ]
INFO: [ app_init ] --END-- [ RunTime:0.000442s ]
INFO: [ app_begin ] --START--
INFO: Run Behavior\ReadHtmlCacheBehavior [ RunTime:0.000630s ]
INFO: [ app_begin ] --END-- [ RunTime:0.000648s ]
NOTIC: [2] Declaration of Home\Controller\IndexController::show() should be compatible with Think\Controller::show($content, $charset = '', $contentType = '', $prefix = '') F:\NewXampp\htdocs\dashboard\www\BankHelperAdministration\Application\Home\Controller\IndexController.class.php 第 928 行.
SQL: SHOW COLUMNS FROM `person_info` [ RunTime:0.0146s ]
SQL: SELECT * FROM `person_info` WHERE `account` = 'weven' AND `password` = 'e10adc3949ba59abbe56e057f20f883e' LIMIT 1   [ RunTime:0.0006s ]
SQL: SELECT `id` FROM `person_info` WHERE `account` = 'weven' AND `password` = 'e10adc3949ba59abbe56e057f20f883e' LIMIT 1   [ RunTime:0.0004s ]
SQL: SELECT `paypassword` FROM `person_info` WHERE `account` = 'weven' AND `password` = 'e10adc3949ba59abbe56e057f20f883e' LIMIT 1   [ RunTime:0.0004s ]
SQL: SELECT `account` FROM `person_info` WHERE `account` = 'weven' AND `password` = 'e10adc3949ba59abbe56e057f20f883e' LIMIT 1   [ RunTime:0.0005s ]
SQL: SELECT `icon` FROM `person_info` WHERE `account` = 'weven' AND `password` = 'e10adc3949ba59abbe56e057f20f883e' LIMIT 1   [ RunTime:0.0003s ]
INFO: [ app_end ] --START--
INFO: Run Behavior\ShowPageTraceBehavior [ RunTime:0.001169s ]
INFO: [ app_end ] --END-- [ RunTime:0.001214s ]

[ 2019-03-18T22:41:41+08:00 ] 192.168.1.6 /dashboard/www/BankHelperAdministration/home/index/getPersonCard
INFO: [ app_init ] --START--
INFO: Run Behavior\BuildLiteBehavior [ RunTime:0.000007s ]
INFO: [ app_init ] --END-- [ RunTime:0.000546s ]
INFO: [ app_begin ] --START--
INFO: Run Behavior\ReadHtmlCacheBehavior [ RunTime:0.000891s ]
INFO: [ app_begin ] --END-- [ RunTime:0.000920s ]
NOTIC: [2] Declaration of Home\Controller\IndexController::show() should be compatible with Think\Controller::show($content, $charset = '', $contentType = '', $prefix = '') F:\NewXampp\htdocs\dashboard\www\BankHelperAdministration\Application\Home\Controller\IndexController.class.php 第 928 行.
SQL: SHOW COLUMNS FROM `person_card` [ RunTime:0.0364s ]
SQL: SELECT * FROM `person_card` WHERE ( u_id = '1' ) ORDER BY id desc  [ RunTime:0.0020s ]
INFO: [ app_end ] --START--
INFO: Run Behavior\ShowPageTraceBehavior [ RunTime:0.000756s ]
INFO: [ app_end ] --END-- [ RunTime:0.000779s ]

[ 2019-03-18T22:41:48+08:00 ] 192.168.1.6 /dashboard/www/BankHelperAdministration/home/index/getFixDeposit
INFO: [ app_init ] --START--
INFO: Run Behavior\BuildLiteBehavior [ RunTime:0.000009s ]
INFO: [ app_init ] --END-- [ RunTime:0.000628s ]
INFO: [ app_begin ] --START--
INFO: Run Behavior\ReadHtmlCacheBehavior [ RunTime:0.000915s ]
INFO: [ app_begin ] --END-- [ RunTime:0.001009s ]
NOTIC: [2] Declaration of Home\Controller\IndexController::show() should be compatible with Think\Controller::show($content, $charset = '', $contentType = '', $prefix = '') F:\NewXampp\htdocs\dashboard\www\BankHelperAdministration\Application\Home\Controller\IndexController.class.php 第 928 行.
SQL: SHOW COLUMNS FROM `person_card` [ RunTime:0.0133s ]
SQL: SELECT `fixed_deposit` FROM `person_card` WHERE ( id = '1' ) LIMIT 1   [ RunTime:0.0003s ]
INFO: [ app_end ] --START--
INFO: Run Behavior\ShowPageTraceBehavior [ RunTime:0.000675s ]
INFO: [ app_end ] --END-- [ RunTime:0.000692s ]

[ 2019-03-18T22:41:49+08:00 ] 192.168.1.6 /dashboard/www/BankHelperAdministration/home/index/getCurrentDeposit
INFO: [ app_init ] --START--
INFO: Run Behavior\BuildLiteBehavior [ RunTime:0.000008s ]
INFO: [ app_init ] --END-- [ RunTime:0.000688s ]
INFO: [ app_begin ] --START--
INFO: Run Behavior\ReadHtmlCacheBehavior [ RunTime:0.000644s ]
INFO: [ app_begin ] --END-- [ RunTime:0.000745s ]
NOTIC: [2] Declaration of Home\Controller\IndexController::show() should be compatible with Think\Controller::show($content, $charset = '', $contentType = '', $prefix = '') F:\NewXampp\htdocs\dashboard\www\BankHelperAdministration\Application\Home\Controller\IndexController.class.php 第 928 行.
SQL: SHOW COLUMNS FROM `person_card` [ RunTime:0.0187s ]
SQL: SELECT `current_deposit` FROM `person_card` WHERE ( id = '1' ) LIMIT 1   [ RunTime:0.0007s ]
INFO: [ app_end ] --START--
INFO: Run Behavior\ShowPageTraceBehavior [ RunTime:0.001248s ]
INFO: [ app_end ] --END-- [ RunTime:0.001276s ]

[ 2019-03-18T23:06:02+08:00 ] 192.168.1.6 /dashboard/www/BankHelperAdministration/home/index/login
INFO: [ app_init ] --START--
INFO: Run Behavior\BuildLiteBehavior [ RunTime:0.000005s ]
INFO: [ app_init ] --END-- [ RunTime:0.000399s ]
INFO: [ app_begin ] --START--
INFO: Run Behavior\ReadHtmlCacheBehavior [ RunTime:0.000608s ]
INFO: [ app_begin ] --END-- [ RunTime:0.000625s ]
NOTIC: [2] Declaration of Home\Controller\IndexController::show() should be compatible with Think\Controller::show($content, $charset = '', $contentType = '', $prefix = '') F:\NewXampp\htdocs\dashboard\www\BankHelperAdministration\Application\Home\Controller\IndexController.class.php 第 928 行.
SQL: SHOW COLUMNS FROM `person_info` [ RunTime:0.0132s ]
SQL: SELECT * FROM `person_info` WHERE `account` = 'weven' AND `password` = 'e10adc3949ba59abbe56e057f20f883e' LIMIT 1   [ RunTime:0.0003s ]
SQL: SELECT `id` FROM `person_info` WHERE `account` = 'weven' AND `password` = 'e10adc3949ba59abbe56e057f20f883e' LIMIT 1   [ RunTime:0.0002s ]
SQL: SELECT `paypassword` FROM `person_info` WHERE `account` = 'weven' AND `password` = 'e10adc3949ba59abbe56e057f20f883e' LIMIT 1   [ RunTime:0.0002s ]
SQL: SELECT `account` FROM `person_info` WHERE `account` = 'weven' AND `password` = 'e10adc3949ba59abbe56e057f20f883e' LIMIT 1   [ RunTime:0.0001s ]
SQL: SELECT `icon` FROM `person_info` WHERE `account` = 'weven' AND `password` = 'e10adc3949ba59abbe56e057f20f883e' LIMIT 1   [ RunTime:0.0002s ]
INFO: [ app_end ] --START--
INFO: Run Behavior\ShowPageTraceBehavior [ RunTime:0.000824s ]
INFO: [ app_end ] --END-- [ RunTime:0.000862s ]

[ 2019-03-18T23:06:02+08:00 ] 192.168.1.6 /dashboard/www/BankHelperAdministration/home/index/getPersonCard
INFO: [ app_init ] --START--
INFO: Run Behavior\BuildLiteBehavior [ RunTime:0.000008s ]
INFO: [ app_init ] --END-- [ RunTime:0.000477s ]
INFO: [ app_begin ] --START--
INFO: Run Behavior\ReadHtmlCacheBehavior [ RunTime:0.001213s ]
INFO: [ app_begin ] --END-- [ RunTime:0.001249s ]
NOTIC: [2] Declaration of Home\Controller\IndexController::show() should be compatible with Think\Controller::show($content, $charset = '', $contentType = '', $prefix = '') F:\NewXampp\htdocs\dashboard\www\BankHelperAdministration\Application\Home\Controller\IndexController.class.php 第 928 行.
SQL: SHOW COLUMNS FROM `person_card` [ RunTime:0.0390s ]
SQL: SELECT * FROM `person_card` WHERE ( u_id = '1' ) ORDER BY id desc  [ RunTime:0.0003s ]
INFO: [ app_end ] --START--
INFO: Run Behavior\ShowPageTraceBehavior [ RunTime:0.000793s ]
INFO: [ app_end ] --END-- [ RunTime:0.000820s ]

[ 2019-03-18T23:06:07+08:00 ] 192.168.1.6 /dashboard/www/BankHelperAdministration/home/index/getFixDeposit
INFO: [ app_init ] --START--
INFO: Run Behavior\BuildLiteBehavior [ RunTime:0.000005s ]
INFO: [ app_init ] --END-- [ RunTime:0.000379s ]
INFO: [ app_begin ] --START--
INFO: Run Behavior\ReadHtmlCacheBehavior [ RunTime:0.000553s ]
INFO: [ app_begin ] --END-- [ RunTime:0.000573s ]
NOTIC: [2] Declaration of Home\Controller\IndexController::show() should be compatible with Think\Controller::show($content, $charset = '', $contentType = '', $prefix = '') F:\NewXampp\htdocs\dashboard\www\BankHelperAdministration\Application\Home\Controller\IndexController.class.php 第 928 行.
SQL: SHOW COLUMNS FROM `person_card` [ RunTime:0.0130s ]
SQL: SELECT `fixed_deposit` FROM `person_card` WHERE ( id = '1' ) LIMIT 1   [ RunTime:0.0003s ]
INFO: [ app_end ] --START--
INFO: Run Behavior\ShowPageTraceBehavior [ RunTime:0.000987s ]
INFO: [ app_end ] --END-- [ RunTime:0.001031s ]

[ 2019-03-18T23:06:09+08:00 ] 192.168.1.6 /dashboard/www/BankHelperAdministration/home/index/getCurrentDeposit
INFO: [ app_init ] --START--
INFO: Run Behavior\BuildLiteBehavior [ RunTime:0.000006s ]
INFO: [ app_init ] --END-- [ RunTime:0.000465s ]
INFO: [ app_begin ] --START--
INFO: Run Behavior\ReadHtmlCacheBehavior [ RunTime:0.000555s ]
INFO: [ app_begin ] --END-- [ RunTime:0.000577s ]
NOTIC: [2] Declaration of Home\Controller\IndexController::show() should be compatible with Think\Controller::show($content, $charset = '', $contentType = '', $prefix = '') F:\NewXampp\htdocs\dashboard\www\BankHelperAdministration\Application\Home\Controller\IndexController.class.php 第 928 行.
SQL: SHOW COLUMNS FROM `person_card` [ RunTime:0.0178s ]
SQL: SELECT `current_deposit` FROM `person_card` WHERE ( id = '1' ) LIMIT 1   [ RunTime:0.0003s ]
INFO: [ app_end ] --START--
INFO: Run Behavior\ShowPageTraceBehavior [ RunTime:0.000799s ]
INFO: [ app_end ] --END-- [ RunTime:0.000822s ]

[ 2019-03-18T23:20:52+08:00 ] 192.168.1.6 /dashboard/www/BankHelperAdministration/home/index/login
INFO: [ app_init ] --START--
INFO: Run Behavior\BuildLiteBehavior [ RunTime:0.000006s ]
INFO: [ app_init ] --END-- [ RunTime:0.000422s ]
INFO: [ app_begin ] --START--
INFO: Run Behavior\ReadHtmlCacheBehavior [ RunTime:0.000599s ]
INFO: [ app_begin ] --END-- [ RunTime:0.000617s ]
NOTIC: [2] Declaration of Home\Controller\IndexController::show() should be compatible with Think\Controller::show($content, $charset = '', $contentType = '', $prefix = '') F:\NewXampp\htdocs\dashboard\www\BankHelperAdministration\Application\Home\Controller\IndexController.class.php 第 928 行.
SQL: SHOW COLUMNS FROM `person_info` [ RunTime:0.0118s ]
SQL: SELECT * FROM `person_info` WHERE `account` = 'weven' AND `password` = 'e10adc3949ba59abbe56e057f20f883e' LIMIT 1   [ RunTime:0.0003s ]
SQL: SELECT `id` FROM `person_info` WHERE `account` = 'weven' AND `password` = 'e10adc3949ba59abbe56e057f20f883e' LIMIT 1   [ RunTime:0.0002s ]
SQL: SELECT `paypassword` FROM `person_info` WHERE `account` = 'weven' AND `password` = 'e10adc3949ba59abbe56e057f20f883e' LIMIT 1   [ RunTime:0.0002s ]
SQL: SELECT `account` FROM `person_info` WHERE `account` = 'weven' AND `password` = 'e10adc3949ba59abbe56e057f20f883e' LIMIT 1   [ RunTime:0.0002s ]
SQL: SELECT `icon` FROM `person_info` WHERE `account` = 'weven' AND `password` = 'e10adc3949ba59abbe56e057f20f883e' LIMIT 1   [ RunTime:0.0002s ]
INFO: [ app_end ] --START--
INFO: Run Behavior\ShowPageTraceBehavior [ RunTime:0.000913s ]
INFO: [ app_end ] --END-- [ RunTime:0.000940s ]

[ 2019-03-18T23:20:52+08:00 ] 192.168.1.6 /dashboard/www/BankHelperAdministration/home/index/getPersonCard
INFO: [ app_init ] --START--
INFO: Run Behavior\BuildLiteBehavior [ RunTime:0.000007s ]
INFO: [ app_init ] --END-- [ RunTime:0.000412s ]
INFO: [ app_begin ] --START--
INFO: Run Behavior\ReadHtmlCacheBehavior [ RunTime:0.000522s ]
INFO: [ app_begin ] --END-- [ RunTime:0.000541s ]
NOTIC: [2] Declaration of Home\Controller\IndexController::show() should be compatible with Think\Controller::show($content, $charset = '', $contentType = '', $prefix = '') F:\NewXampp\htdocs\dashboard\www\BankHelperAdministration\Application\Home\Controller\IndexController.class.php 第 928 行.
SQL: SHOW COLUMNS FROM `person_card` [ RunTime:0.0331s ]
SQL: SELECT * FROM `person_card` WHERE ( u_id = '1' ) ORDER BY id desc  [ RunTime:0.0003s ]
INFO: [ app_end ] --START--
INFO: Run Behavior\ShowPageTraceBehavior [ RunTime:0.000619s ]
INFO: [ app_end ] --END-- [ RunTime:0.000637s ]

[ 2019-03-18T23:20:56+08:00 ] 192.168.1.6 /dashboard/www/BankHelperAdministration/home/index/getFixDeposit
INFO: [ app_init ] --START--
INFO: Run Behavior\BuildLiteBehavior [ RunTime:0.000013s ]
INFO: [ app_init ] --END-- [ RunTime:0.000484s ]
INFO: [ app_begin ] --START--
INFO: Run Behavior\ReadHtmlCacheBehavior [ RunTime:0.000563s ]
INFO: [ app_begin ] --END-- [ RunTime:0.000586s ]
NOTIC: [2] Declaration of Home\Controller\IndexController::show() should be compatible with Think\Controller::show($content, $charset = '', $contentType = '', $prefix = '') F:\NewXampp\htdocs\dashboard\www\BankHelperAdministration\Application\Home\Controller\IndexController.class.php 第 928 行.
SQL: SHOW COLUMNS FROM `person_card` [ RunTime:0.0232s ]
SQL: SELECT `fixed_deposit` FROM `person_card` WHERE ( id = '1' ) LIMIT 1   [ RunTime:0.0003s ]
INFO: [ app_end ] --START--
INFO: Run Behavior\ShowPageTraceBehavior [ RunTime:0.000956s ]
INFO: [ app_end ] --END-- [ RunTime:0.000977s ]

[ 2019-03-18T23:20:58+08:00 ] 192.168.1.6 /dashboard/www/BankHelperAdministration/home/index/getCurrentDeposit
INFO: [ app_init ] --START--
INFO: Run Behavior\BuildLiteBehavior [ RunTime:0.000007s ]
INFO: [ app_init ] --END-- [ RunTime:0.000586s ]
INFO: [ app_begin ] --START--
INFO: Run Behavior\ReadHtmlCacheBehavior [ RunTime:0.000576s ]
INFO: [ app_begin ] --END-- [ RunTime:0.000602s ]
NOTIC: [2] Declaration of Home\Controller\IndexController::show() should be compatible with Think\Controller::show($content, $charset = '', $contentType = '', $prefix = '') F:\NewXampp\htdocs\dashboard\www\BankHelperAdministration\Application\Home\Controller\IndexController.class.php 第 928 行.
SQL: SHOW COLUMNS FROM `person_card` [ RunTime:0.0358s ]
SQL: SELECT `current_deposit` FROM `person_card` WHERE ( id = '1' ) LIMIT 1   [ RunTime:0.0004s ]
INFO: [ app_end ] --START--
INFO: Run Behavior\ShowPageTraceBehavior [ RunTime:0.000739s ]
INFO: [ app_end ] --END-- [ RunTime:0.000765s ]

[ 2019-03-18T23:22:38+08:00 ] 192.168.1.6 /dashboard/www/BankHelperAdministration/home/index/getCurrentDeposit
INFO: [ app_init ] --START--
INFO: Run Behavior\BuildLiteBehavior [ RunTime:0.000006s ]
INFO: [ app_init ] --END-- [ RunTime:0.000422s ]
INFO: [ app_begin ] --START--
INFO: Run Behavior\ReadHtmlCacheBehavior [ RunTime:0.000695s ]
INFO: [ app_begin ] --END-- [ RunTime:0.000719s ]
NOTIC: [2] Declaration of Home\Controller\IndexController::show() should be compatible with Think\Controller::show($content, $charset = '', $contentType = '', $prefix = '') F:\NewXampp\htdocs\dashboard\www\BankHelperAdministration\Application\Home\Controller\IndexController.class.php 第 928 行.
SQL: SHOW COLUMNS FROM `person_card` [ RunTime:0.0151s ]
SQL: SELECT `current_deposit` FROM `person_card` WHERE ( id = '1' ) LIMIT 1   [ RunTime:0.0007s ]
INFO: [ app_end ] --START--
INFO: Run Behavior\ShowPageTraceBehavior [ RunTime:0.000676s ]
INFO: [ app_end ] --END-- [ RunTime:0.000696s ]

[ 2019-03-18T23:47:31+08:00 ] 192.168.1.6 /dashboard/www/BankHelperAdministration/home/index/transfer
INFO: [ app_init ] --START--
INFO: Run Behavior\BuildLiteBehavior [ RunTime:0.000008s ]
INFO: [ app_init ] --END-- [ RunTime:0.000625s ]
INFO: [ app_begin ] --START--
INFO: Run Behavior\ReadHtmlCacheBehavior [ RunTime:0.000787s ]
INFO: [ app_begin ] --END-- [ RunTime:0.000819s ]
NOTIC: [2] Declaration of Home\Controller\IndexController::show() should be compatible with Think\Controller::show($content, $charset = '', $contentType = '', $prefix = '') F:\NewXampp\htdocs\dashboard\www\BankHelperAdministration\Application\Home\Controller\IndexController.class.php 第 948 行.
SQL: SHOW COLUMNS FROM `transfer_info` [ RunTime:0.0117s ]
SQL: INSERT INTO `transfer_info` (`c_id`,`num`,`apply_time`,`status`) VALUES ('1','1','19-03-18 23:47:31','0') [ RunTime:0.0633s ]
SQL: SHOW COLUMNS FROM `bank_message` [ RunTime:0.0103s ]
SQL: INSERT INTO `bank_message` (`type`,`num`,`date`) VALUES ('2','1','19-03-18') [ RunTime:0.0395s ]
INFO: [ app_end ] --START--
INFO: Run Behavior\ShowPageTraceBehavior [ RunTime:0.001637s ]
INFO: [ app_end ] --END-- [ RunTime:0.001662s ]

[ 2019-03-18T23:47:32+08:00 ] 192.168.1.6 /dashboard/www/BankHelperAdministration/home/index/getFixDeposit
INFO: [ app_init ] --START--
INFO: Run Behavior\BuildLiteBehavior [ RunTime:0.000005s ]
INFO: [ app_init ] --END-- [ RunTime:0.000383s ]
INFO: [ app_begin ] --START--
INFO: Run Behavior\ReadHtmlCacheBehavior [ RunTime:0.000565s ]
INFO: [ app_begin ] --END-- [ RunTime:0.000597s ]
NOTIC: [2] Declaration of Home\Controller\IndexController::show() should be compatible with Think\Controller::show($content, $charset = '', $contentType = '', $prefix = '') F:\NewXampp\htdocs\dashboard\www\BankHelperAdministration\Application\Home\Controller\IndexController.class.php 第 948 行.
SQL: SHOW COLUMNS FROM `person_card` [ RunTime:0.0146s ]
SQL: SELECT `fixed_deposit` FROM `person_card` WHERE ( id = '1' ) LIMIT 1   [ RunTime:0.0005s ]
INFO: [ app_end ] --START--
INFO: Run Behavior\ShowPageTraceBehavior [ RunTime:0.000657s ]
INFO: [ app_end ] --END-- [ RunTime:0.000674s ]

[ 2019-03-18T23:47:36+08:00 ] 192.168.1.6 /dashboard/www/BankHelperAdministration/home/index/getCurrentDeposit
INFO: [ app_init ] --START--
INFO: Run Behavior\BuildLiteBehavior [ RunTime:0.000006s ]
INFO: [ app_init ] --END-- [ RunTime:0.000443s ]
INFO: [ app_begin ] --START--
INFO: Run Behavior\ReadHtmlCacheBehavior [ RunTime:0.000531s ]
INFO: [ app_begin ] --END-- [ RunTime:0.000552s ]
NOTIC: [2] Declaration of Home\Controller\IndexController::show() should be compatible with Think\Controller::show($content, $charset = '', $contentType = '', $prefix = '') F:\NewXampp\htdocs\dashboard\www\BankHelperAdministration\Application\Home\Controller\IndexController.class.php 第 948 行.
SQL: SHOW COLUMNS FROM `person_card` [ RunTime:0.0312s ]
SQL: SELECT `current_deposit` FROM `person_card` WHERE ( id = '1' ) LIMIT 1   [ RunTime:0.0005s ]
INFO: [ app_end ] --START--
INFO: Run Behavior\ShowPageTraceBehavior [ RunTime:0.000883s ]
INFO: [ app_end ] --END-- [ RunTime:0.000909s ]

[ 2019-03-18T23:51:24+08:00 ] 192.168.1.6 /dashboard/www/BankHelperAdministration/home/index/login
INFO: [ app_init ] --START--
INFO: Run Behavior\BuildLiteBehavior [ RunTime:0.000005s ]
INFO: [ app_init ] --END-- [ RunTime:0.000404s ]
INFO: [ app_begin ] --START--
INFO: Run Behavior\ReadHtmlCacheBehavior [ RunTime:0.000577s ]
INFO: [ app_begin ] --END-- [ RunTime:0.000596s ]
NOTIC: [2] Declaration of Home\Controller\IndexController::show() should be compatible with Think\Controller::show($content, $charset = '', $contentType = '', $prefix = '') F:\NewXampp\htdocs\dashboard\www\BankHelperAdministration\Application\Home\Controller\IndexController.class.php 第 948 行.
SQL: SHOW COLUMNS FROM `person_info` [ RunTime:0.0122s ]
SQL: SELECT * FROM `person_info` WHERE `account` = 'weven' AND `password` = 'e10adc3949ba59abbe56e057f20f883e' LIMIT 1   [ RunTime:0.0003s ]
SQL: SELECT `id` FROM `person_info` WHERE `account` = 'weven' AND `password` = 'e10adc3949ba59abbe56e057f20f883e' LIMIT 1   [ RunTime:0.0002s ]
SQL: SELECT `paypassword` FROM `person_info` WHERE `account` = 'weven' AND `password` = 'e10adc3949ba59abbe56e057f20f883e' LIMIT 1   [ RunTime:0.0002s ]
SQL: SELECT `account` FROM `person_info` WHERE `account` = 'weven' AND `password` = 'e10adc3949ba59abbe56e057f20f883e' LIMIT 1   [ RunTime:0.0001s ]
SQL: SELECT `icon` FROM `person_info` WHERE `account` = 'weven' AND `password` = 'e10adc3949ba59abbe56e057f20f883e' LIMIT 1   [ RunTime:0.0002s ]
INFO: [ app_end ] --START--
INFO: Run Behavior\ShowPageTraceBehavior [ RunTime:0.000820s ]
INFO: [ app_end ] --END-- [ RunTime:0.000847s ]

[ 2019-03-18T23:51:24+08:00 ] 192.168.1.6 /dashboard/www/BankHelperAdministration/home/index/getPersonCard
INFO: [ app_init ] --START--
INFO: Run Behavior\BuildLiteBehavior [ RunTime:0.000007s ]
INFO: [ app_init ] --END-- [ RunTime:0.000369s ]
INFO: [ app_begin ] --START--
INFO: Run Behavior\ReadHtmlCacheBehavior [ RunTime:0.000694s ]
INFO: [ app_begin ] --END-- [ RunTime:0.000789s ]
NOTIC: [2] Declaration of Home\Controller\IndexController::show() should be compatible with Think\Controller::show($content, $charset = '', $contentType = '', $prefix = '') F:\NewXampp\htdocs\dashboard\www\BankHelperAdministration\Application\Home\Controller\IndexController.class.php 第 948 行.
SQL: SHOW COLUMNS FROM `person_card` [ RunTime:0.0154s ]
SQL: SELECT * FROM `person_card` WHERE ( u_id = '1' ) ORDER BY id desc  [ RunTime:0.0005s ]
INFO: [ app_end ] --START--
INFO: Run Behavior\ShowPageTraceBehavior [ RunTime:0.000723s ]
INFO: [ app_end ] --END-- [ RunTime:0.000744s ]

[ 2019-03-18T23:51:29+08:00 ] 192.168.1.6 /dashboard/www/BankHelperAdministration/home/index/getFixDeposit
INFO: [ app_init ] --START--
INFO: Run Behavior\BuildLiteBehavior [ RunTime:0.000007s ]
INFO: [ app_init ] --END-- [ RunTime:0.000445s ]
INFO: [ app_begin ] --START--
INFO: Run Behavior\ReadHtmlCacheBehavior [ RunTime:0.001051s ]
INFO: [ app_begin ] --END-- [ RunTime:0.001150s ]
NOTIC: [2] Declaration of Home\Controller\IndexController::show() should be compatible with Think\Controller::show($content, $charset = '', $contentType = '', $prefix = '') F:\NewXampp\htdocs\dashboard\www\BankHelperAdministration\Application\Home\Controller\IndexController.class.php 第 948 行.
SQL: SHOW COLUMNS FROM `person_card` [ RunTime:0.0207s ]
SQL: SELECT `fixed_deposit` FROM `person_card` WHERE ( id = '1' ) LIMIT 1   [ RunTime:0.0003s ]
INFO: [ app_end ] --START--
INFO: Run Behavior\ShowPageTraceBehavior [ RunTime:0.000752s ]
INFO: [ app_end ] --END-- [ RunTime:0.000773s ]

[ 2019-03-18T23:51:30+08:00 ] 192.168.1.6 /dashboard/www/BankHelperAdministration/home/index/getCurrentDeposit
INFO: [ app_init ] --START--
INFO: Run Behavior\BuildLiteBehavior [ RunTime:0.000004s ]
INFO: [ app_init ] --END-- [ RunTime:0.000353s ]
INFO: [ app_begin ] --START--
INFO: Run Behavior\ReadHtmlCacheBehavior [ RunTime:0.000510s ]
INFO: [ app_begin ] --END-- [ RunTime:0.000528s ]
NOTIC: [2] Declaration of Home\Controller\IndexController::show() should be compatible with Think\Controller::show($content, $charset = '', $contentType = '', $prefix = '') F:\NewXampp\htdocs\dashboard\www\BankHelperAdministration\Application\Home\Controller\IndexController.class.php 第 948 行.
SQL: SHOW COLUMNS FROM `person_card` [ RunTime:0.0365s ]
SQL: SELECT `current_deposit` FROM `person_card` WHERE ( id = '1' ) LIMIT 1   [ RunTime:0.0013s ]
INFO: [ app_end ] --START--
INFO: Run Behavior\ShowPageTraceBehavior [ RunTime:0.000813s ]
INFO: [ app_end ] --END-- [ RunTime:0.000838s ]

[ 2019-03-18T23:51:40+08:00 ] 192.168.1.6 /dashboard/www/BankHelperAdministration/home/index/getCurrentDeposit
INFO: [ app_init ] --START--
INFO: Run Behavior\BuildLiteBehavior [ RunTime:0.000005s ]
INFO: [ app_init ] --END-- [ RunTime:0.000387s ]
INFO: [ app_begin ] --START--
INFO: Run Behavior\ReadHtmlCacheBehavior [ RunTime:0.000571s ]
INFO: [ app_begin ] --END-- [ RunTime:0.000591s ]
NOTIC: [2] Declaration of Home\Controller\IndexController::show() should be compatible with Think\Controller::show($content, $charset = '', $contentType = '', $prefix = '') F:\NewXampp\htdocs\dashboard\www\BankHelperAdministration\Application\Home\Controller\IndexController.class.php 第 948 行.
SQL: SHOW COLUMNS FROM `person_card` [ RunTime:0.0140s ]
SQL: SELECT `current_deposit` FROM `person_card` WHERE ( id = '1' ) LIMIT 1   [ RunTime:0.0002s ]
INFO: [ app_end ] --START--
INFO: Run Behavior\ShowPageTraceBehavior [ RunTime:0.000623s ]
INFO: [ app_end ] --END-- [ RunTime:0.000643s ]

[ 2019-03-18T23:51:46+08:00 ] 192.168.1.6 /dashboard/www/BankHelperAdministration/home/index/transfer
INFO: [ app_init ] --START--
INFO: Run Behavior\BuildLiteBehavior [ RunTime:0.000010s ]
INFO: [ app_init ] --END-- [ RunTime:0.000578s ]
INFO: [ app_begin ] --START--
INFO: Run Behavior\ReadHtmlCacheBehavior [ RunTime:0.001325s ]
INFO: [ app_begin ] --END-- [ RunTime:0.001384s ]
NOTIC: [2] Declaration of Home\Controller\IndexController::show() should be compatible with Think\Controller::show($content, $charset = '', $contentType = '', $prefix = '') F:\NewXampp\htdocs\dashboard\www\BankHelperAdministration\Application\Home\Controller\IndexController.class.php 第 948 行.
SQL: SHOW COLUMNS FROM `transfer_info` [ RunTime:0.0134s ]
SQL: INSERT INTO `transfer_info` (`c_id`,`num`,`apply_time`,`status`) VALUES ('1','1','19-03-18 23:51:46','0') [ RunTime:0.0580s ]
SQL: SHOW COLUMNS FROM `bank_message` [ RunTime:0.0313s ]
SQL: INSERT INTO `bank_message` (`type`,`num`,`date`) VALUES ('2','1','19-03-18') [ RunTime:0.0671s ]
INFO: [ app_end ] --START--
INFO: Run Behavior\ShowPageTraceBehavior [ RunTime:0.000740s ]
INFO: [ app_end ] --END-- [ RunTime:0.000768s ]

