[ 2019-03-19T00:00:47+08:00 ] 192.168.1.6 /dashboard/www/BankHelperAdministration/home/index/login
INFO: [ app_init ] --START--
INFO: Run Behavior\BuildLiteBehavior [ RunTime:0.000008s ]
INFO: [ app_init ] --END-- [ RunTime:0.000572s ]
INFO: [ app_begin ] --START--
INFO: Run Behavior\ReadHtmlCacheBehavior [ RunTime:0.001057s ]
INFO: [ app_begin ] --END-- [ RunTime:0.001091s ]
NOTIC: [2] Declaration of Home\Controller\IndexController::show() should be compatible with Think\Controller::show($content, $charset = '', $contentType = '', $prefix = '') F:\NewXampp\htdocs\dashboard\www\BankHelperAdministration\Application\Home\Controller\IndexController.class.php 第 948 行.
SQL: SHOW COLUMNS FROM `person_info` [ RunTime:0.0139s ]
SQL: SELECT * FROM `person_info` WHERE `account` = 'weven' AND `password` = 'e10adc3949ba59abbe56e057f20f883e' LIMIT 1   [ RunTime:0.0003s ]
SQL: SELECT `id` FROM `person_info` WHERE `account` = 'weven' AND `password` = 'e10adc3949ba59abbe56e057f20f883e' LIMIT 1   [ RunTime:0.0002s ]
SQL: SELECT `paypassword` FROM `person_info` WHERE `account` = 'weven' AND `password` = 'e10adc3949ba59abbe56e057f20f883e' LIMIT 1   [ RunTime:0.0002s ]
SQL: SELECT `account` FROM `person_info` WHERE `account` = 'weven' AND `password` = 'e10adc3949ba59abbe56e057f20f883e' LIMIT 1   [ RunTime:0.0002s ]
SQL: SELECT `icon` FROM `person_info` WHERE `account` = 'weven' AND `password` = 'e10adc3949ba59abbe56e057f20f883e' LIMIT 1   [ RunTime:0.0002s ]
INFO: [ app_end ] --START--
INFO: Run Behavior\ShowPageTraceBehavior [ RunTime:0.000855s ]
INFO: [ app_end ] --END-- [ RunTime:0.000875s ]

[ 2019-03-19T00:00:47+08:00 ] 192.168.1.6 /dashboard/www/BankHelperAdministration/home/index/getPersonCard
INFO: [ app_init ] --START--
INFO: Run Behavior\BuildLiteBehavior [ RunTime:0.000007s ]
INFO: [ app_init ] --END-- [ RunTime:0.000386s ]
INFO: [ app_begin ] --START--
INFO: Run Behavior\ReadHtmlCacheBehavior [ RunTime:0.000691s ]
INFO: [ app_begin ] --END-- [ RunTime:0.000718s ]
NOTIC: [2] Declaration of Home\Controller\IndexController::show() should be compatible with Think\Controller::show($content, $charset = '', $contentType = '', $prefix = '') F:\NewXampp\htdocs\dashboard\www\BankHelperAdministration\Application\Home\Controller\IndexController.class.php 第 948 行.
SQL: SHOW COLUMNS FROM `person_card` [ RunTime:0.0278s ]
SQL: SELECT * FROM `person_card` WHERE ( u_id = '1' ) ORDER BY id desc  [ RunTime:0.0004s ]
INFO: [ app_end ] --START--
INFO: Run Behavior\ShowPageTraceBehavior [ RunTime:0.000719s ]
INFO: [ app_end ] --END-- [ RunTime:0.000741s ]

[ 2019-03-19T00:00:53+08:00 ] 192.168.1.6 /dashboard/www/BankHelperAdministration/home/index/getFixDeposit
INFO: [ app_init ] --START--
INFO: Run Behavior\BuildLiteBehavior [ RunTime:0.000005s ]
INFO: [ app_init ] --END-- [ RunTime:0.000326s ]
INFO: [ app_begin ] --START--
INFO: Run Behavior\ReadHtmlCacheBehavior [ RunTime:0.000482s ]
INFO: [ app_begin ] --END-- [ RunTime:0.000502s ]
NOTIC: [2] Declaration of Home\Controller\IndexController::show() should be compatible with Think\Controller::show($content, $charset = '', $contentType = '', $prefix = '') F:\NewXampp\htdocs\dashboard\www\BankHelperAdministration\Application\Home\Controller\IndexController.class.php 第 948 行.
SQL: SHOW COLUMNS FROM `person_card` [ RunTime:0.0147s ]
SQL: SELECT `fixed_deposit` FROM `person_card` WHERE ( id = '1' ) LIMIT 1   [ RunTime:0.0004s ]
INFO: [ app_end ] --START--
INFO: Run Behavior\ShowPageTraceBehavior [ RunTime:0.000944s ]
INFO: [ app_end ] --END-- [ RunTime:0.000970s ]

[ 2019-03-19T00:00:54+08:00 ] 192.168.1.6 /dashboard/www/BankHelperAdministration/home/index/getCurrentDeposit
INFO: [ app_init ] --START--
INFO: Run Behavior\BuildLiteBehavior [ RunTime:0.000006s ]
INFO: [ app_init ] --END-- [ RunTime:0.000402s ]
INFO: [ app_begin ] --START--
INFO: Run Behavior\ReadHtmlCacheBehavior [ RunTime:0.000494s ]
INFO: [ app_begin ] --END-- [ RunTime:0.000513s ]
NOTIC: [2] Declaration of Home\Controller\IndexController::show() should be compatible with Think\Controller::show($content, $charset = '', $contentType = '', $prefix = '') F:\NewXampp\htdocs\dashboard\www\BankHelperAdministration\Application\Home\Controller\IndexController.class.php 第 948 行.
SQL: SHOW COLUMNS FROM `person_card` [ RunTime:0.0190s ]
SQL: SELECT `current_deposit` FROM `person_card` WHERE ( id = '1' ) LIMIT 1   [ RunTime:0.0003s ]
INFO: [ app_end ] --START--
INFO: Run Behavior\ShowPageTraceBehavior [ RunTime:0.000983s ]
INFO: [ app_end ] --END-- [ RunTime:0.001003s ]

[ 2019-03-19T00:01:04+08:00 ] 192.168.1.6 /dashboard/www/BankHelperAdministration/home/index/transfer
INFO: [ app_init ] --START--
INFO: Run Behavior\BuildLiteBehavior [ RunTime:0.000007s ]
INFO: [ app_init ] --END-- [ RunTime:0.000758s ]
INFO: [ app_begin ] --START--
INFO: Run Behavior\ReadHtmlCacheBehavior [ RunTime:0.000716s ]
INFO: [ app_begin ] --END-- [ RunTime:0.000756s ]
NOTIC: [2] Declaration of Home\Controller\IndexController::show() should be compatible with Think\Controller::show($content, $charset = '', $contentType = '', $prefix = '') F:\NewXampp\htdocs\dashboard\www\BankHelperAdministration\Application\Home\Controller\IndexController.class.php 第 948 行.
SQL: SHOW COLUMNS FROM `transfer_info` [ RunTime:0.0142s ]
SQL: INSERT INTO `transfer_info` (`c_id`,`num`,`apply_time`,`status`) VALUES ('1','2','19-03-19 00:01:04','0') [ RunTime:0.0567s ]
SQL: SHOW COLUMNS FROM `bank_message` [ RunTime:0.0130s ]
SQL: INSERT INTO `bank_message` (`type`,`num`,`date`) VALUES ('2','2','19-03-19') [ RunTime:0.0365s ]
INFO: [ app_end ] --START--
INFO: Run Behavior\ShowPageTraceBehavior [ RunTime:0.000697s ]
INFO: [ app_end ] --END-- [ RunTime:0.000725s ]

[ 2019-03-19T00:05:50+08:00 ] 192.168.1.6 /dashboard/www/BankHelperAdministration/home/index/getBankMessage
INFO: [ app_init ] --START--
INFO: Run Behavior\BuildLiteBehavior [ RunTime:0.000006s ]
INFO: [ app_init ] --END-- [ RunTime:0.000532s ]
INFO: [ app_begin ] --START--
INFO: Run Behavior\ReadHtmlCacheBehavior [ RunTime:0.000891s ]
INFO: [ app_begin ] --END-- [ RunTime:0.000924s ]
NOTIC: [2] Declaration of Home\Controller\IndexController::show() should be compatible with Think\Controller::show($content, $charset = '', $contentType = '', $prefix = '') F:\NewXampp\htdocs\dashboard\www\BankHelperAdministration\Application\Home\Controller\IndexController.class.php 第 948 行.
SQL: SHOW COLUMNS FROM `bank_message` [ RunTime:0.0208s ]
SQL: SELECT * FROM `bank_message` ORDER BY id desc  [ RunTime:0.0005s ]
INFO: [ app_end ] --START--
INFO: Run Behavior\ShowPageTraceBehavior [ RunTime:0.001723s ]
INFO: [ app_end ] --END-- [ RunTime:0.001762s ]

