[ 2019-03-15T21:34:29+08:00 ] ::1 /dashboard/www/BankHelperAdministration/Home/ImportIn
INFO: [ app_init ] --START--
INFO: Run Behavior\BuildLiteBehavior [ RunTime:0.000006s ]
INFO: [ app_init ] --END-- [ RunTime:0.000402s ]
INFO: [ app_begin ] --START--
INFO: Run Behavior\ReadHtmlCacheBehavior [ RunTime:0.002417s ]
INFO: [ app_begin ] --END-- [ RunTime:0.002523s ]
INFO: [ view_parse ] --START--
INFO: [ template_filter ] --START--
INFO: Run Behavior\ContentReplaceBehavior [ RunTime:0.000032s ]
INFO: [ template_filter ] --END-- [ RunTime:0.000058s ]
INFO: Run Behavior\ParseTemplateBehavior [ RunTime:0.009784s ]
INFO: [ view_parse ] --END-- [ RunTime:0.009816s ]
INFO: [ view_filter ] --START--
INFO: Run Behavior\WriteHtmlCacheBehavior [ RunTime:0.000436s ]
INFO: [ view_filter ] --END-- [ RunTime:0.000454s ]
INFO: [ app_end ] --START--
INFO: Run Behavior\ShowPageTraceBehavior [ RunTime:0.000624s ]
INFO: [ app_end ] --END-- [ RunTime:0.000645s ]

[ 2019-03-15T21:34:30+08:00 ] ::1 /dashboard/www/BankHelperAdministration/Home/User
INFO: [ app_init ] --START--
INFO: Run Behavior\BuildLiteBehavior [ RunTime:0.000007s ]
INFO: [ app_init ] --END-- [ RunTime:0.000375s ]
INFO: [ app_begin ] --START--
INFO: Run Behavior\ReadHtmlCacheBehavior [ RunTime:0.000674s ]
INFO: [ app_begin ] --END-- [ RunTime:0.000701s ]
SQL: SHOW COLUMNS FROM `person_info` [ RunTime:0.0122s ]
SQL: SELECT * FROM `person_info`  [ RunTime:0.0010s ]
INFO: [ view_parse ] --START--
INFO: [ template_filter ] --START--
INFO: Run Behavior\ContentReplaceBehavior [ RunTime:0.000030s ]
INFO: [ template_filter ] --END-- [ RunTime:0.000052s ]
NOTIC: [8] Undefined index: user_id F:\NewXampp\htdocs\dashboard\www\BankHelperAdministration\Application\Runtime\Cache\Home\6830cbac89ff06451c77cd8769d6d4ca.php 第 98 行.
NOTIC: [8] Undefined index: content F:\NewXampp\htdocs\dashboard\www\BankHelperAdministration\Application\Runtime\Cache\Home\6830cbac89ff06451c77cd8769d6d4ca.php 第 99 行.
NOTIC: [8] Undefined index: date F:\NewXampp\htdocs\dashboard\www\BankHelperAdministration\Application\Runtime\Cache\Home\6830cbac89ff06451c77cd8769d6d4ca.php 第 100 行.
NOTIC: [8] Undefined index: user_id F:\NewXampp\htdocs\dashboard\www\BankHelperAdministration\Application\Runtime\Cache\Home\6830cbac89ff06451c77cd8769d6d4ca.php 第 98 行.
NOTIC: [8] Undefined index: content F:\NewXampp\htdocs\dashboard\www\BankHelperAdministration\Application\Runtime\Cache\Home\6830cbac89ff06451c77cd8769d6d4ca.php 第 99 行.
NOTIC: [8] Undefined index: date F:\NewXampp\htdocs\dashboard\www\BankHelperAdministration\Application\Runtime\Cache\Home\6830cbac89ff06451c77cd8769d6d4ca.php 第 100 行.
NOTIC: [8] Undefined index: user_id F:\NewXampp\htdocs\dashboard\www\BankHelperAdministration\Application\Runtime\Cache\Home\6830cbac89ff06451c77cd8769d6d4ca.php 第 98 行.
NOTIC: [8] Undefined index: content F:\NewXampp\htdocs\dashboard\www\BankHelperAdministration\Application\Runtime\Cache\Home\6830cbac89ff06451c77cd8769d6d4ca.php 第 99 行.
NOTIC: [8] Undefined index: date F:\NewXampp\htdocs\dashboard\www\BankHelperAdministration\Application\Runtime\Cache\Home\6830cbac89ff06451c77cd8769d6d4ca.php 第 100 行.
NOTIC: [8] Undefined index: user_id F:\NewXampp\htdocs\dashboard\www\BankHelperAdministration\Application\Runtime\Cache\Home\6830cbac89ff06451c77cd8769d6d4ca.php 第 98 行.
NOTIC: [8] Undefined index: content F:\NewXampp\htdocs\dashboard\www\BankHelperAdministration\Application\Runtime\Cache\Home\6830cbac89ff06451c77cd8769d6d4ca.php 第 99 行.
NOTIC: [8] Undefined index: date F:\NewXampp\htdocs\dashboard\www\BankHelperAdministration\Application\Runtime\Cache\Home\6830cbac89ff06451c77cd8769d6d4ca.php 第 100 行.
NOTIC: [8] Undefined index: user_id F:\NewXampp\htdocs\dashboard\www\BankHelperAdministration\Application\Runtime\Cache\Home\6830cbac89ff06451c77cd8769d6d4ca.php 第 98 行.
NOTIC: [8] Undefined index: content F:\NewXampp\htdocs\dashboard\www\BankHelperAdministration\Application\Runtime\Cache\Home\6830cbac89ff06451c77cd8769d6d4ca.php 第 99 行.
NOTIC: [8] Undefined index: date F:\NewXampp\htdocs\dashboard\www\BankHelperAdministration\Application\Runtime\Cache\Home\6830cbac89ff06451c77cd8769d6d4ca.php 第 100 行.
INFO: Run Behavior\ParseTemplateBehavior [ RunTime:0.011596s ]
INFO: [ view_parse ] --END-- [ RunTime:0.011619s ]
INFO: [ view_filter ] --START--
INFO: Run Behavior\WriteHtmlCacheBehavior [ RunTime:0.001090s ]
INFO: [ view_filter ] --END-- [ RunTime:0.001126s ]
INFO: [ app_end ] --START--
INFO: Run Behavior\ShowPageTraceBehavior [ RunTime:0.037788s ]
INFO: [ app_end ] --END-- [ RunTime:0.038410s ]

[ 2019-03-15T21:34:36+08:00 ] ::1 /dashboard/www/BankHelperAdministration/Home/ImportIn
INFO: [ app_init ] --START--
INFO: Run Behavior\BuildLiteBehavior [ RunTime:0.000008s ]
INFO: [ app_init ] --END-- [ RunTime:0.000434s ]
INFO: [ app_begin ] --START--
INFO: Run Behavior\ReadHtmlCacheBehavior [ RunTime:0.000709s ]
INFO: [ app_begin ] --END-- [ RunTime:0.000731s ]
INFO: [ view_parse ] --START--
INFO: [ template_filter ] --START--
INFO: Run Behavior\ContentReplaceBehavior [ RunTime:0.000029s ]
INFO: [ template_filter ] --END-- [ RunTime:0.000058s ]
INFO: Run Behavior\ParseTemplateBehavior [ RunTime:0.012220s ]
INFO: [ view_parse ] --END-- [ RunTime:0.012249s ]
INFO: [ view_filter ] --START--
INFO: Run Behavior\WriteHtmlCacheBehavior [ RunTime:0.000442s ]
INFO: [ view_filter ] --END-- [ RunTime:0.000458s ]
INFO: [ app_end ] --START--
INFO: Run Behavior\ShowPageTraceBehavior [ RunTime:0.001009s ]
INFO: [ app_end ] --END-- [ RunTime:0.001033s ]

[ 2019-03-15T21:34:38+08:00 ] ::1 /dashboard/www/BankHelperAdministration/Home/Feedback.html
INFO: [ app_init ] --START--
INFO: Run Behavior\BuildLiteBehavior [ RunTime:0.000005s ]
INFO: [ app_init ] --END-- [ RunTime:0.000335s ]
INFO: [ app_begin ] --START--
INFO: Run Behavior\ReadHtmlCacheBehavior [ RunTime:0.000487s ]
INFO: [ app_begin ] --END-- [ RunTime:0.000508s ]
SQL: SHOW COLUMNS FROM `feedback` [ RunTime:0.0159s ]
SQL: SELECT * FROM `feedback` WHERE ( type = 0 )  [ RunTime:0.0005s ]
INFO: [ view_parse ] --START--
INFO: [ template_filter ] --START--
INFO: Run Behavior\ContentReplaceBehavior [ RunTime:0.000032s ]
INFO: [ template_filter ] --END-- [ RunTime:0.000055s ]
INFO: Run Behavior\ParseTemplateBehavior [ RunTime:0.033770s ]
INFO: [ view_parse ] --END-- [ RunTime:0.034471s ]
INFO: [ view_filter ] --START--
INFO: Run Behavior\WriteHtmlCacheBehavior [ RunTime:0.003475s ]
INFO: [ view_filter ] --END-- [ RunTime:0.003658s ]
INFO: [ app_end ] --START--
INFO: Run Behavior\ShowPageTraceBehavior [ RunTime:0.037742s ]
INFO: [ app_end ] --END-- [ RunTime:0.037985s ]

[ 2019-03-15T21:34:39+08:00 ] ::1 /dashboard/www/BankHelperAdministration/Home/User
INFO: [ app_init ] --START--
INFO: Run Behavior\BuildLiteBehavior [ RunTime:0.000009s ]
INFO: [ app_init ] --END-- [ RunTime:0.000449s ]
INFO: [ app_begin ] --START--
INFO: Run Behavior\ReadHtmlCacheBehavior [ RunTime:0.000553s ]
INFO: [ app_begin ] --END-- [ RunTime:0.000579s ]
SQL: SHOW COLUMNS FROM `person_info` [ RunTime:0.0423s ]
SQL: SELECT * FROM `person_info`  [ RunTime:0.0003s ]
INFO: [ view_parse ] --START--
INFO: [ template_filter ] --START--
INFO: Run Behavior\ContentReplaceBehavior [ RunTime:0.000033s ]
INFO: [ template_filter ] --END-- [ RunTime:0.000057s ]
NOTIC: [8] Undefined index: user_id F:\NewXampp\htdocs\dashboard\www\BankHelperAdministration\Application\Runtime\Cache\Home\6830cbac89ff06451c77cd8769d6d4ca.php 第 98 行.
NOTIC: [8] Undefined index: content F:\NewXampp\htdocs\dashboard\www\BankHelperAdministration\Application\Runtime\Cache\Home\6830cbac89ff06451c77cd8769d6d4ca.php 第 99 行.
NOTIC: [8] Undefined index: date F:\NewXampp\htdocs\dashboard\www\BankHelperAdministration\Application\Runtime\Cache\Home\6830cbac89ff06451c77cd8769d6d4ca.php 第 100 行.
NOTIC: [8] Undefined index: user_id F:\NewXampp\htdocs\dashboard\www\BankHelperAdministration\Application\Runtime\Cache\Home\6830cbac89ff06451c77cd8769d6d4ca.php 第 98 行.
NOTIC: [8] Undefined index: content F:\NewXampp\htdocs\dashboard\www\BankHelperAdministration\Application\Runtime\Cache\Home\6830cbac89ff06451c77cd8769d6d4ca.php 第 99 行.
NOTIC: [8] Undefined index: date F:\NewXampp\htdocs\dashboard\www\BankHelperAdministration\Application\Runtime\Cache\Home\6830cbac89ff06451c77cd8769d6d4ca.php 第 100 行.
NOTIC: [8] Undefined index: user_id F:\NewXampp\htdocs\dashboard\www\BankHelperAdministration\Application\Runtime\Cache\Home\6830cbac89ff06451c77cd8769d6d4ca.php 第 98 行.
NOTIC: [8] Undefined index: content F:\NewXampp\htdocs\dashboard\www\BankHelperAdministration\Application\Runtime\Cache\Home\6830cbac89ff06451c77cd8769d6d4ca.php 第 99 行.
NOTIC: [8] Undefined index: date F:\NewXampp\htdocs\dashboard\www\BankHelperAdministration\Application\Runtime\Cache\Home\6830cbac89ff06451c77cd8769d6d4ca.php 第 100 行.
NOTIC: [8] Undefined index: user_id F:\NewXampp\htdocs\dashboard\www\BankHelperAdministration\Application\Runtime\Cache\Home\6830cbac89ff06451c77cd8769d6d4ca.php 第 98 行.
NOTIC: [8] Undefined index: content F:\NewXampp\htdocs\dashboard\www\BankHelperAdministration\Application\Runtime\Cache\Home\6830cbac89ff06451c77cd8769d6d4ca.php 第 99 行.
NOTIC: [8] Undefined index: date F:\NewXampp\htdocs\dashboard\www\BankHelperAdministration\Application\Runtime\Cache\Home\6830cbac89ff06451c77cd8769d6d4ca.php 第 100 行.
NOTIC: [8] Undefined index: user_id F:\NewXampp\htdocs\dashboard\www\BankHelperAdministration\Application\Runtime\Cache\Home\6830cbac89ff06451c77cd8769d6d4ca.php 第 98 行.
NOTIC: [8] Undefined index: content F:\NewXampp\htdocs\dashboard\www\BankHelperAdministration\Application\Runtime\Cache\Home\6830cbac89ff06451c77cd8769d6d4ca.php 第 99 行.
NOTIC: [8] Undefined index: date F:\NewXampp\htdocs\dashboard\www\BankHelperAdministration\Application\Runtime\Cache\Home\6830cbac89ff06451c77cd8769d6d4ca.php 第 100 行.
INFO: Run Behavior\ParseTemplateBehavior [ RunTime:0.006037s ]
INFO: [ view_parse ] --END-- [ RunTime:0.006065s ]
INFO: [ view_filter ] --START--
INFO: Run Behavior\WriteHtmlCacheBehavior [ RunTime:0.000370s ]
INFO: [ view_filter ] --END-- [ RunTime:0.000385s ]
INFO: [ app_end ] --START--
INFO: Run Behavior\ShowPageTraceBehavior [ RunTime:0.000556s ]
INFO: [ app_end ] --END-- [ RunTime:0.000578s ]

[ 2019-03-15T21:35:10+08:00 ] ::1 /dashboard/www/BankHelperAdministration/Home/User
INFO: [ app_init ] --START--
INFO: Run Behavior\BuildLiteBehavior [ RunTime:0.000022s ]
INFO: [ app_init ] --END-- [ RunTime:0.000513s ]
INFO: [ app_begin ] --START--
INFO: Run Behavior\ReadHtmlCacheBehavior [ RunTime:0.000666s ]
INFO: [ app_begin ] --END-- [ RunTime:0.000700s ]
SQL: SHOW COLUMNS FROM `person_info` [ RunTime:0.0101s ]
SQL: SELECT * FROM `person_info`  [ RunTime:0.0006s ]
INFO: [ view_parse ] --START--
INFO: [ template_filter ] --START--
INFO: Run Behavior\ContentReplaceBehavior [ RunTime:0.000030s ]
INFO: [ template_filter ] --END-- [ RunTime:0.000057s ]
NOTIC: [8] Undefined index: user_id F:\NewXampp\htdocs\dashboard\www\BankHelperAdministration\Application\Runtime\Cache\Home\6830cbac89ff06451c77cd8769d6d4ca.php 第 98 行.
NOTIC: [8] Undefined index: content F:\NewXampp\htdocs\dashboard\www\BankHelperAdministration\Application\Runtime\Cache\Home\6830cbac89ff06451c77cd8769d6d4ca.php 第 99 行.
NOTIC: [8] Undefined index: date F:\NewXampp\htdocs\dashboard\www\BankHelperAdministration\Application\Runtime\Cache\Home\6830cbac89ff06451c77cd8769d6d4ca.php 第 100 行.
NOTIC: [8] Undefined index: user_id F:\NewXampp\htdocs\dashboard\www\BankHelperAdministration\Application\Runtime\Cache\Home\6830cbac89ff06451c77cd8769d6d4ca.php 第 98 行.
NOTIC: [8] Undefined index: content F:\NewXampp\htdocs\dashboard\www\BankHelperAdministration\Application\Runtime\Cache\Home\6830cbac89ff06451c77cd8769d6d4ca.php 第 99 行.
NOTIC: [8] Undefined index: date F:\NewXampp\htdocs\dashboard\www\BankHelperAdministration\Application\Runtime\Cache\Home\6830cbac89ff06451c77cd8769d6d4ca.php 第 100 行.
NOTIC: [8] Undefined index: user_id F:\NewXampp\htdocs\dashboard\www\BankHelperAdministration\Application\Runtime\Cache\Home\6830cbac89ff06451c77cd8769d6d4ca.php 第 98 行.
NOTIC: [8] Undefined index: content F:\NewXampp\htdocs\dashboard\www\BankHelperAdministration\Application\Runtime\Cache\Home\6830cbac89ff06451c77cd8769d6d4ca.php 第 99 行.
NOTIC: [8] Undefined index: date F:\NewXampp\htdocs\dashboard\www\BankHelperAdministration\Application\Runtime\Cache\Home\6830cbac89ff06451c77cd8769d6d4ca.php 第 100 行.
NOTIC: [8] Undefined index: user_id F:\NewXampp\htdocs\dashboard\www\BankHelperAdministration\Application\Runtime\Cache\Home\6830cbac89ff06451c77cd8769d6d4ca.php 第 98 行.
NOTIC: [8] Undefined index: content F:\NewXampp\htdocs\dashboard\www\BankHelperAdministration\Application\Runtime\Cache\Home\6830cbac89ff06451c77cd8769d6d4ca.php 第 99 行.
NOTIC: [8] Undefined index: date F:\NewXampp\htdocs\dashboard\www\BankHelperAdministration\Application\Runtime\Cache\Home\6830cbac89ff06451c77cd8769d6d4ca.php 第 100 行.
NOTIC: [8] Undefined index: user_id F:\NewXampp\htdocs\dashboard\www\BankHelperAdministration\Application\Runtime\Cache\Home\6830cbac89ff06451c77cd8769d6d4ca.php 第 98 行.
NOTIC: [8] Undefined index: content F:\NewXampp\htdocs\dashboard\www\BankHelperAdministration\Application\Runtime\Cache\Home\6830cbac89ff06451c77cd8769d6d4ca.php 第 99 行.
NOTIC: [8] Undefined index: date F:\NewXampp\htdocs\dashboard\www\BankHelperAdministration\Application\Runtime\Cache\Home\6830cbac89ff06451c77cd8769d6d4ca.php 第 100 行.
INFO: Run Behavior\ParseTemplateBehavior [ RunTime:0.006989s ]
INFO: [ view_parse ] --END-- [ RunTime:0.007011s ]
INFO: [ view_filter ] --START--
INFO: Run Behavior\WriteHtmlCacheBehavior [ RunTime:0.000372s ]
INFO: [ view_filter ] --END-- [ RunTime:0.000390s ]
INFO: [ app_end ] --START--
INFO: Run Behavior\ShowPageTraceBehavior [ RunTime:0.001723s ]
INFO: [ app_end ] --END-- [ RunTime:0.001748s ]

[ 2019-03-15T21:36:43+08:00 ] ::1 /dashboard/www/BankHelperAdministration/Home/User
INFO: [ app_init ] --START--
INFO: Run Behavior\BuildLiteBehavior [ RunTime:0.000006s ]
INFO: [ app_init ] --END-- [ RunTime:0.000411s ]
INFO: [ app_begin ] --START--
INFO: Run Behavior\ReadHtmlCacheBehavior [ RunTime:0.000677s ]
INFO: [ app_begin ] --END-- [ RunTime:0.000695s ]
SQL: SHOW COLUMNS FROM `person_info` [ RunTime:0.0161s ]
SQL: SELECT * FROM `person_info`  [ RunTime:0.0003s ]
INFO: [ view_parse ] --START--
INFO: [ template_filter ] --START--
INFO: Run Behavior\ContentReplaceBehavior [ RunTime:0.000031s ]
INFO: [ template_filter ] --END-- [ RunTime:0.000052s ]
NOTIC: [8] Undefined index: user_id F:\NewXampp\htdocs\dashboard\www\BankHelperAdministration\Application\Runtime\Cache\Home\6830cbac89ff06451c77cd8769d6d4ca.php 第 98 行.
NOTIC: [8] Undefined index: content F:\NewXampp\htdocs\dashboard\www\BankHelperAdministration\Application\Runtime\Cache\Home\6830cbac89ff06451c77cd8769d6d4ca.php 第 99 行.
NOTIC: [8] Undefined index: date F:\NewXampp\htdocs\dashboard\www\BankHelperAdministration\Application\Runtime\Cache\Home\6830cbac89ff06451c77cd8769d6d4ca.php 第 100 行.
NOTIC: [8] Undefined index: user_id F:\NewXampp\htdocs\dashboard\www\BankHelperAdministration\Application\Runtime\Cache\Home\6830cbac89ff06451c77cd8769d6d4ca.php 第 98 行.
NOTIC: [8] Undefined index: content F:\NewXampp\htdocs\dashboard\www\BankHelperAdministration\Application\Runtime\Cache\Home\6830cbac89ff06451c77cd8769d6d4ca.php 第 99 行.
NOTIC: [8] Undefined index: date F:\NewXampp\htdocs\dashboard\www\BankHelperAdministration\Application\Runtime\Cache\Home\6830cbac89ff06451c77cd8769d6d4ca.php 第 100 行.
NOTIC: [8] Undefined index: user_id F:\NewXampp\htdocs\dashboard\www\BankHelperAdministration\Application\Runtime\Cache\Home\6830cbac89ff06451c77cd8769d6d4ca.php 第 98 行.
NOTIC: [8] Undefined index: content F:\NewXampp\htdocs\dashboard\www\BankHelperAdministration\Application\Runtime\Cache\Home\6830cbac89ff06451c77cd8769d6d4ca.php 第 99 行.
NOTIC: [8] Undefined index: date F:\NewXampp\htdocs\dashboard\www\BankHelperAdministration\Application\Runtime\Cache\Home\6830cbac89ff06451c77cd8769d6d4ca.php 第 100 行.
NOTIC: [8] Undefined index: user_id F:\NewXampp\htdocs\dashboard\www\BankHelperAdministration\Application\Runtime\Cache\Home\6830cbac89ff06451c77cd8769d6d4ca.php 第 98 行.
NOTIC: [8] Undefined index: content F:\NewXampp\htdocs\dashboard\www\BankHelperAdministration\Application\Runtime\Cache\Home\6830cbac89ff06451c77cd8769d6d4ca.php 第 99 行.
NOTIC: [8] Undefined index: date F:\NewXampp\htdocs\dashboard\www\BankHelperAdministration\Application\Runtime\Cache\Home\6830cbac89ff06451c77cd8769d6d4ca.php 第 100 行.
NOTIC: [8] Undefined index: user_id F:\NewXampp\htdocs\dashboard\www\BankHelperAdministration\Application\Runtime\Cache\Home\6830cbac89ff06451c77cd8769d6d4ca.php 第 98 行.
NOTIC: [8] Undefined index: content F:\NewXampp\htdocs\dashboard\www\BankHelperAdministration\Application\Runtime\Cache\Home\6830cbac89ff06451c77cd8769d6d4ca.php 第 99 行.
NOTIC: [8] Undefined index: date F:\NewXampp\htdocs\dashboard\www\BankHelperAdministration\Application\Runtime\Cache\Home\6830cbac89ff06451c77cd8769d6d4ca.php 第 100 行.
INFO: Run Behavior\ParseTemplateBehavior [ RunTime:0.007869s ]
INFO: [ view_parse ] --END-- [ RunTime:0.007889s ]
INFO: [ view_filter ] --START--
INFO: Run Behavior\WriteHtmlCacheBehavior [ RunTime:0.000498s ]
INFO: [ view_filter ] --END-- [ RunTime:0.000514s ]
INFO: [ app_end ] --START--
INFO: Run Behavior\ShowPageTraceBehavior [ RunTime:0.001985s ]
INFO: [ app_end ] --END-- [ RunTime:0.002009s ]

[ 2019-03-15T21:40:35+08:00 ] ::1 /dashboard/www/BankHelperAdministration/Home/User
INFO: [ app_init ] --START--
INFO: Run Behavior\BuildLiteBehavior [ RunTime:0.000006s ]
INFO: [ app_init ] --END-- [ RunTime:0.000394s ]
INFO: [ app_begin ] --START--
INFO: Run Behavior\ReadHtmlCacheBehavior [ RunTime:0.000728s ]
INFO: [ app_begin ] --END-- [ RunTime:0.000747s ]
SQL: SHOW COLUMNS FROM `person_info` [ RunTime:0.0138s ]
SQL: SELECT * FROM `person_info`  [ RunTime:0.0003s ]
INFO: [ view_parse ] --START--
INFO: [ template_filter ] --START--
INFO: Run Behavior\ContentReplaceBehavior [ RunTime:0.000030s ]
INFO: [ template_filter ] --END-- [ RunTime:0.000048s ]
INFO: Run Behavior\ParseTemplateBehavior [ RunTime:0.007091s ]
INFO: [ view_parse ] --END-- [ RunTime:0.007113s ]
INFO: [ view_filter ] --START--
INFO: Run Behavior\WriteHtmlCacheBehavior [ RunTime:0.000434s ]
INFO: [ view_filter ] --END-- [ RunTime:0.000448s ]
INFO: [ app_end ] --START--
INFO: Run Behavior\ShowPageTraceBehavior [ RunTime:0.014780s ]
INFO: [ app_end ] --END-- [ RunTime:0.014902s ]

[ 2019-03-15T21:47:55+08:00 ] ::1 /dashboard/www/BankHelperAdministration/Home/ImportIn
INFO: [ app_init ] --START--
INFO: Run Behavior\BuildLiteBehavior [ RunTime:0.000006s ]
INFO: [ app_init ] --END-- [ RunTime:0.000459s ]
INFO: [ app_begin ] --START--
INFO: Run Behavior\ReadHtmlCacheBehavior [ RunTime:0.000710s ]
INFO: [ app_begin ] --END-- [ RunTime:0.000732s ]
INFO: [ view_parse ] --START--
INFO: [ template_filter ] --START--
INFO: Run Behavior\ContentReplaceBehavior [ RunTime:0.000028s ]
INFO: [ template_filter ] --END-- [ RunTime:0.000050s ]
INFO: Run Behavior\ParseTemplateBehavior [ RunTime:0.006897s ]
INFO: [ view_parse ] --END-- [ RunTime:0.006922s ]
INFO: [ view_filter ] --START--
INFO: Run Behavior\WriteHtmlCacheBehavior [ RunTime:0.000467s ]
INFO: [ view_filter ] --END-- [ RunTime:0.000482s ]
INFO: [ app_end ] --START--
INFO: Run Behavior\ShowPageTraceBehavior [ RunTime:0.000649s ]
INFO: [ app_end ] --END-- [ RunTime:0.000663s ]

[ 2019-03-15T21:47:55+08:00 ] ::1 /dashboard/www/BankHelperAdministration/Home/ImportOut
INFO: [ app_init ] --START--
INFO: Run Behavior\BuildLiteBehavior [ RunTime:0.000006s ]
INFO: [ app_init ] --END-- [ RunTime:0.000383s ]
INFO: [ app_begin ] --START--
INFO: Run Behavior\ReadHtmlCacheBehavior [ RunTime:0.000519s ]
INFO: [ app_begin ] --END-- [ RunTime:0.000541s ]
INFO: [ view_parse ] --START--
INFO: [ template_filter ] --START--
INFO: Run Behavior\ContentReplaceBehavior [ RunTime:0.000031s ]
INFO: [ template_filter ] --END-- [ RunTime:0.000057s ]
INFO: Run Behavior\ParseTemplateBehavior [ RunTime:0.010652s ]
INFO: [ view_parse ] --END-- [ RunTime:0.010681s ]
INFO: [ view_filter ] --START--
INFO: Run Behavior\WriteHtmlCacheBehavior [ RunTime:0.000361s ]
INFO: [ view_filter ] --END-- [ RunTime:0.000376s ]
INFO: [ app_end ] --START--
INFO: Run Behavior\ShowPageTraceBehavior [ RunTime:0.000611s ]
INFO: [ app_end ] --END-- [ RunTime:0.000628s ]

[ 2019-03-15T21:53:21+08:00 ] ::1 /dashboard/www/BankHelperAdministration/Home/User
INFO: [ app_init ] --START--
INFO: Run Behavior\BuildLiteBehavior [ RunTime:0.000006s ]
INFO: [ app_init ] --END-- [ RunTime:0.000507s ]
INFO: [ app_begin ] --START--
INFO: Run Behavior\ReadHtmlCacheBehavior [ RunTime:0.000644s ]
INFO: [ app_begin ] --END-- [ RunTime:0.000662s ]
SQL: SHOW COLUMNS FROM `person_info` [ RunTime:0.0123s ]
SQL: SELECT * FROM `person_info`  [ RunTime:0.0003s ]
INFO: [ view_parse ] --START--
INFO: [ template_filter ] --START--
INFO: Run Behavior\ContentReplaceBehavior [ RunTime:0.000029s ]
INFO: [ template_filter ] --END-- [ RunTime:0.000045s ]
INFO: Run Behavior\ParseTemplateBehavior [ RunTime:0.006887s ]
INFO: [ view_parse ] --END-- [ RunTime:0.006913s ]
INFO: [ view_filter ] --START--
INFO: Run Behavior\WriteHtmlCacheBehavior [ RunTime:0.000736s ]
INFO: [ view_filter ] --END-- [ RunTime:0.000765s ]
INFO: [ app_end ] --START--
INFO: Run Behavior\ShowPageTraceBehavior [ RunTime:0.002321s ]
INFO: [ app_end ] --END-- [ RunTime:0.002352s ]

[ 2019-03-15T21:53:23+08:00 ] ::1 /dashboard/www/BankHelperAdministration/Home/ImportIn
INFO: [ app_init ] --START--
INFO: Run Behavior\BuildLiteBehavior [ RunTime:0.000004s ]
INFO: [ app_init ] --END-- [ RunTime:0.000301s ]
INFO: [ app_begin ] --START--
INFO: Run Behavior\ReadHtmlCacheBehavior [ RunTime:0.000504s ]
INFO: [ app_begin ] --END-- [ RunTime:0.000521s ]
INFO: [ view_parse ] --START--
INFO: [ template_filter ] --START--
INFO: Run Behavior\ContentReplaceBehavior [ RunTime:0.000028s ]
INFO: [ template_filter ] --END-- [ RunTime:0.000054s ]
INFO: Run Behavior\ParseTemplateBehavior [ RunTime:0.006814s ]
INFO: [ view_parse ] --END-- [ RunTime:0.006840s ]
INFO: [ view_filter ] --START--
INFO: Run Behavior\WriteHtmlCacheBehavior [ RunTime:0.000394s ]
INFO: [ view_filter ] --END-- [ RunTime:0.000410s ]
INFO: [ app_end ] --START--
INFO: Run Behavior\ShowPageTraceBehavior [ RunTime:0.000570s ]
INFO: [ app_end ] --END-- [ RunTime:0.000585s ]

[ 2019-03-15T21:53:23+08:00 ] ::1 /dashboard/www/BankHelperAdministration/Home/ImportOut
INFO: [ app_init ] --START--
INFO: Run Behavior\BuildLiteBehavior [ RunTime:0.000005s ]
INFO: [ app_init ] --END-- [ RunTime:0.000364s ]
INFO: [ app_begin ] --START--
INFO: Run Behavior\ReadHtmlCacheBehavior [ RunTime:0.000523s ]
INFO: [ app_begin ] --END-- [ RunTime:0.000541s ]
INFO: [ view_parse ] --START--
INFO: [ template_filter ] --START--
INFO: Run Behavior\ContentReplaceBehavior [ RunTime:0.000029s ]
INFO: [ template_filter ] --END-- [ RunTime:0.000055s ]
INFO: Run Behavior\ParseTemplateBehavior [ RunTime:0.007510s ]
INFO: [ view_parse ] --END-- [ RunTime:0.007539s ]
INFO: [ view_filter ] --START--
INFO: Run Behavior\WriteHtmlCacheBehavior [ RunTime:0.000510s ]
INFO: [ view_filter ] --END-- [ RunTime:0.000526s ]
INFO: [ app_end ] --START--
INFO: Run Behavior\ShowPageTraceBehavior [ RunTime:0.000834s ]
INFO: [ app_end ] --END-- [ RunTime:0.000853s ]

[ 2019-03-15T21:53:24+08:00 ] ::1 /dashboard/www/BankHelperAdministration/Home/Feedback.html
INFO: [ app_init ] --START--
INFO: Run Behavior\BuildLiteBehavior [ RunTime:0.000008s ]
INFO: [ app_init ] --END-- [ RunTime:0.000468s ]
INFO: [ app_begin ] --START--
INFO: Run Behavior\ReadHtmlCacheBehavior [ RunTime:0.000676s ]
INFO: [ app_begin ] --END-- [ RunTime:0.000704s ]
SQL: SHOW COLUMNS FROM `feedback` [ RunTime:0.0256s ]
SQL: SELECT * FROM `feedback` WHERE ( type = 0 )  [ RunTime:0.0003s ]
INFO: [ view_parse ] --START--
INFO: [ template_filter ] --START--
INFO: Run Behavior\ContentReplaceBehavior [ RunTime:0.000031s ]
INFO: [ template_filter ] --END-- [ RunTime:0.000051s ]
INFO: Run Behavior\ParseTemplateBehavior [ RunTime:0.005900s ]
INFO: [ view_parse ] --END-- [ RunTime:0.005926s ]
INFO: [ view_filter ] --START--
INFO: Run Behavior\WriteHtmlCacheBehavior [ RunTime:0.000342s ]
INFO: [ view_filter ] --END-- [ RunTime:0.000357s ]
INFO: [ app_end ] --START--
INFO: Run Behavior\ShowPageTraceBehavior [ RunTime:0.000568s ]
INFO: [ app_end ] --END-- [ RunTime:0.000586s ]

