[ 2019-03-27T14:03:53+08:00 ] 192.168.6.46 /dashboard/www/BankHelperAdministration/home/index/login
INFO: [ app_init ] --START--
INFO: Run Behavior\BuildLiteBehavior [ RunTime:0.000014s ]
INFO: [ app_init ] --END-- [ RunTime:0.018406s ]
INFO: [ app_begin ] --START--
INFO: Run Behavior\ReadHtmlCacheBehavior [ RunTime:0.010129s ]
INFO: [ app_begin ] --END-- [ RunTime:0.010178s ]
NOTIC: [2048] Declaration of Home\Controller\IndexController::show() should be compatible with Think\Controller::show($content, $charset = '', $contentType = '', $prefix = '') F:\xampp\htdocs\dashboard\www\BankHelperAdministration\Application\Home\Controller\IndexController.class.php 第 950 行.
SQL: SHOW COLUMNS FROM `person_info` [ RunTime:0.0224s ]
SQL: SELECT * FROM `person_info` WHERE `account` = 'weven' AND `password` = 'e10adc3949ba59abbe56e057f20f883e' LIMIT 1   [ RunTime:0.0003s ]
INFO: [ app_end ] --START--
INFO: Run Behavior\ShowPageTraceBehavior [ RunTime:0.020700s ]
INFO: [ app_end ] --END-- [ RunTime:0.020743s ]

[ 2019-03-27T14:04:33+08:00 ] 192.168.6.46 /dashboard/www/BankHelperAdministration/home/index/login
INFO: [ app_init ] --START--
INFO: Run Behavior\BuildLiteBehavior [ RunTime:0.000013s ]
INFO: [ app_init ] --END-- [ RunTime:0.000804s ]
INFO: [ app_begin ] --START--
INFO: Run Behavior\ReadHtmlCacheBehavior [ RunTime:0.001403s ]
INFO: [ app_begin ] --END-- [ RunTime:0.001454s ]
NOTIC: [2048] Declaration of Home\Controller\IndexController::show() should be compatible with Think\Controller::show($content, $charset = '', $contentType = '', $prefix = '') F:\xampp\htdocs\dashboard\www\BankHelperAdministration\Application\Home\Controller\IndexController.class.php 第 950 行.
SQL: SHOW COLUMNS FROM `person_info` [ RunTime:0.0042s ]
SQL: SELECT * FROM `person_info` WHERE `account` = 'weven' AND `password` = 'e10adc3949ba59abbe56e057f20f883e' LIMIT 1   [ RunTime:0.0003s ]
SQL: SELECT `id` FROM `person_info` WHERE `account` = 'weven' AND `password` = 'e10adc3949ba59abbe56e057f20f883e' LIMIT 1   [ RunTime:0.0002s ]
ERR: 1054:Unknown column 'paypassword' in 'field list'
 [ SQL语句 ] : SELECT `paypassword` FROM `person_info` WHERE `account` = 'weven' AND `password` = 'e10adc3949ba59abbe56e057f20f883e' LIMIT 1  
ERR: 1054:Unknown column 'paypassword' in 'field list'
 [ SQL语句 ] : SELECT `paypassword` FROM `person_info` WHERE `account` = 'weven' AND `password` = 'e10adc3949ba59abbe56e057f20f883e' LIMIT 1  

[ 2019-03-27T14:05:52+08:00 ] 192.168.6.46 /dashboard/www/BankHelperAdministration/home/index/login
INFO: [ app_init ] --START--
INFO: Run Behavior\BuildLiteBehavior [ RunTime:0.000011s ]
INFO: [ app_init ] --END-- [ RunTime:0.000597s ]
INFO: [ app_begin ] --START--
INFO: Run Behavior\ReadHtmlCacheBehavior [ RunTime:0.001427s ]
INFO: [ app_begin ] --END-- [ RunTime:0.001479s ]
NOTIC: [2048] Declaration of Home\Controller\IndexController::show() should be compatible with Think\Controller::show($content, $charset = '', $contentType = '', $prefix = '') F:\xampp\htdocs\dashboard\www\BankHelperAdministration\Application\Home\Controller\IndexController.class.php 第 950 行.
SQL: SHOW COLUMNS FROM `person_info` [ RunTime:0.0178s ]
SQL: SELECT * FROM `person_info` WHERE `account` = 'weven' AND `password` = 'e10adc3949ba59abbe56e057f20f883e' LIMIT 1   [ RunTime:0.0005s ]
SQL: SELECT `id` FROM `person_info` WHERE `account` = 'weven' AND `password` = 'e10adc3949ba59abbe56e057f20f883e' LIMIT 1   [ RunTime:0.0002s ]
ERR: 1054:Unknown column 'paypassword' in 'field list'
 [ SQL语句 ] : SELECT `paypassword` FROM `person_info` WHERE `account` = 'weven' AND `password` = 'e10adc3949ba59abbe56e057f20f883e' LIMIT 1  
ERR: 1054:Unknown column 'paypassword' in 'field list'
 [ SQL语句 ] : SELECT `paypassword` FROM `person_info` WHERE `account` = 'weven' AND `password` = 'e10adc3949ba59abbe56e057f20f883e' LIMIT 1  

[ 2019-03-27T14:15:28+08:00 ] 192.168.6.46 /dashboard/www/BankHelperAdministration/home/index/login
INFO: [ app_init ] --START--
INFO: Run Behavior\BuildLiteBehavior [ RunTime:0.000010s ]
INFO: [ app_init ] --END-- [ RunTime:0.000423s ]
INFO: [ app_begin ] --START--
INFO: Run Behavior\ReadHtmlCacheBehavior [ RunTime:0.000793s ]
INFO: [ app_begin ] --END-- [ RunTime:0.000834s ]
NOTIC: [2048] Declaration of Home\Controller\IndexController::show() should be compatible with Think\Controller::show($content, $charset = '', $contentType = '', $prefix = '') F:\xampp\htdocs\dashboard\www\BankHelperAdministration\Application\Home\Controller\IndexController.class.php 第 950 行.
SQL: SHOW COLUMNS FROM `person_info` [ RunTime:0.0031s ]
SQL: SELECT * FROM `person_info` WHERE `account` = 'weven' AND `password` = 'e10adc3949ba59abbe56e057f20f883e' LIMIT 1   [ RunTime:0.0003s ]
SQL: SELECT `id` FROM `person_info` WHERE `account` = 'weven' AND `password` = 'e10adc3949ba59abbe56e057f20f883e' LIMIT 1   [ RunTime:0.0002s ]
ERR: 1054:Unknown column 'paypassword' in 'field list'
 [ SQL语句 ] : SELECT `paypassword` FROM `person_info` WHERE `account` = 'weven' AND `password` = 'e10adc3949ba59abbe56e057f20f883e' LIMIT 1  
ERR: 1054:Unknown column 'paypassword' in 'field list'
 [ SQL语句 ] : SELECT `paypassword` FROM `person_info` WHERE `account` = 'weven' AND `password` = 'e10adc3949ba59abbe56e057f20f883e' LIMIT 1  

[ 2019-03-27T14:15:35+08:00 ] 192.168.6.46 /dashboard/www/BankHelperAdministration/home/index/login
INFO: [ app_init ] --START--
INFO: Run Behavior\BuildLiteBehavior [ RunTime:0.000011s ]
INFO: [ app_init ] --END-- [ RunTime:0.000444s ]
INFO: [ app_begin ] --START--
INFO: Run Behavior\ReadHtmlCacheBehavior [ RunTime:0.000855s ]
INFO: [ app_begin ] --END-- [ RunTime:0.000901s ]
NOTIC: [2048] Declaration of Home\Controller\IndexController::show() should be compatible with Think\Controller::show($content, $charset = '', $contentType = '', $prefix = '') F:\xampp\htdocs\dashboard\www\BankHelperAdministration\Application\Home\Controller\IndexController.class.php 第 950 行.
SQL: SHOW COLUMNS FROM `person_info` [ RunTime:0.0555s ]
SQL: SELECT * FROM `person_info` WHERE `account` = 'weven' AND `password` = 'e10adc3949ba59abbe56e057f20f883e' LIMIT 1   [ RunTime:0.0011s ]
SQL: SELECT `id` FROM `person_info` WHERE `account` = 'weven' AND `password` = 'e10adc3949ba59abbe56e057f20f883e' LIMIT 1   [ RunTime:0.0004s ]
ERR: 1054:Unknown column 'paypassword' in 'field list'
 [ SQL语句 ] : SELECT `paypassword` FROM `person_info` WHERE `account` = 'weven' AND `password` = 'e10adc3949ba59abbe56e057f20f883e' LIMIT 1  
ERR: 1054:Unknown column 'paypassword' in 'field list'
 [ SQL语句 ] : SELECT `paypassword` FROM `person_info` WHERE `account` = 'weven' AND `password` = 'e10adc3949ba59abbe56e057f20f883e' LIMIT 1  

[ 2019-03-27T14:16:18+08:00 ] 192.168.6.46 /dashboard/www/BankHelperAdministration/home/index/login
INFO: [ app_init ] --START--
INFO: Run Behavior\BuildLiteBehavior [ RunTime:0.000020s ]
INFO: [ app_init ] --END-- [ RunTime:0.000601s ]
INFO: [ app_begin ] --START--
INFO: Run Behavior\ReadHtmlCacheBehavior [ RunTime:0.000893s ]
INFO: [ app_begin ] --END-- [ RunTime:0.000944s ]
NOTIC: [2048] Declaration of Home\Controller\IndexController::show() should be compatible with Think\Controller::show($content, $charset = '', $contentType = '', $prefix = '') F:\xampp\htdocs\dashboard\www\BankHelperAdministration\Application\Home\Controller\IndexController.class.php 第 950 行.
SQL: SHOW COLUMNS FROM `person_info` [ RunTime:0.0030s ]
SQL: SELECT * FROM `person_info` WHERE `account` = 'weven' AND `password` = 'e10adc3949ba59abbe56e057f20f883e' LIMIT 1   [ RunTime:0.0003s ]
SQL: SELECT `id` FROM `person_info` WHERE `account` = 'weven' AND `password` = 'e10adc3949ba59abbe56e057f20f883e' LIMIT 1   [ RunTime:0.0002s ]
ERR: 1054:Unknown column 'paypassword' in 'field list'
 [ SQL语句 ] : SELECT `paypassword` FROM `person_info` WHERE `account` = 'weven' AND `password` = 'e10adc3949ba59abbe56e057f20f883e' LIMIT 1  
ERR: 1054:Unknown column 'paypassword' in 'field list'
 [ SQL语句 ] : SELECT `paypassword` FROM `person_info` WHERE `account` = 'weven' AND `password` = 'e10adc3949ba59abbe56e057f20f883e' LIMIT 1  

[ 2019-03-27T14:16:30+08:00 ] 192.168.6.46 /dashboard/www/BankHelperAdministration/home/index/login
INFO: [ app_init ] --START--
INFO: Run Behavior\BuildLiteBehavior [ RunTime:0.000010s ]
INFO: [ app_init ] --END-- [ RunTime:0.000431s ]
INFO: [ app_begin ] --START--
INFO: Run Behavior\ReadHtmlCacheBehavior [ RunTime:0.000777s ]
INFO: [ app_begin ] --END-- [ RunTime:0.000815s ]
NOTIC: [2048] Declaration of Home\Controller\IndexController::show() should be compatible with Think\Controller::show($content, $charset = '', $contentType = '', $prefix = '') F:\xampp\htdocs\dashboard\www\BankHelperAdministration\Application\Home\Controller\IndexController.class.php 第 950 行.
SQL: SHOW COLUMNS FROM `person_info` [ RunTime:0.0030s ]
SQL: SELECT * FROM `person_info` WHERE `account` = 'weven' AND `password` = 'e10adc3949ba59abbe56e057f20f883e' LIMIT 1   [ RunTime:0.0002s ]
SQL: SELECT `id` FROM `person_info` WHERE `account` = 'weven' AND `password` = 'e10adc3949ba59abbe56e057f20f883e' LIMIT 1   [ RunTime:0.0002s ]
ERR: 1054:Unknown column 'paypassword' in 'field list'
 [ SQL语句 ] : SELECT `paypassword` FROM `person_info` WHERE `account` = 'weven' AND `password` = 'e10adc3949ba59abbe56e057f20f883e' LIMIT 1  
ERR: 1054:Unknown column 'paypassword' in 'field list'
 [ SQL语句 ] : SELECT `paypassword` FROM `person_info` WHERE `account` = 'weven' AND `password` = 'e10adc3949ba59abbe56e057f20f883e' LIMIT 1  

[ 2019-03-27T14:17:59+08:00 ] 192.168.6.46 /dashboard/www/BankHelperAdministration/home/index/login
INFO: [ app_init ] --START--
INFO: Run Behavior\BuildLiteBehavior [ RunTime:0.000011s ]
INFO: [ app_init ] --END-- [ RunTime:0.000449s ]
INFO: [ app_begin ] --START--
INFO: Run Behavior\ReadHtmlCacheBehavior [ RunTime:0.000803s ]
INFO: [ app_begin ] --END-- [ RunTime:0.000847s ]
NOTIC: [2048] Declaration of Home\Controller\IndexController::show() should be compatible with Think\Controller::show($content, $charset = '', $contentType = '', $prefix = '') F:\xampp\htdocs\dashboard\www\BankHelperAdministration\Application\Home\Controller\IndexController.class.php 第 950 行.
SQL: SHOW COLUMNS FROM `person_info` [ RunTime:0.0206s ]
SQL: SELECT * FROM `person_info` WHERE `account` = 'weven' AND `password` = 'e10adc3949ba59abbe56e057f20f883e' LIMIT 1   [ RunTime:0.0003s ]
SQL: SELECT `id` FROM `person_info` WHERE `account` = 'weven' AND `password` = 'e10adc3949ba59abbe56e057f20f883e' LIMIT 1   [ RunTime:0.0002s ]
ERR: 1054:Unknown column 'paypassword' in 'field list'
 [ SQL语句 ] : SELECT `paypassword` FROM `person_info` WHERE `account` = 'weven' AND `password` = 'e10adc3949ba59abbe56e057f20f883e' LIMIT 1  
ERR: 1054:Unknown column 'paypassword' in 'field list'
 [ SQL语句 ] : SELECT `paypassword` FROM `person_info` WHERE `account` = 'weven' AND `password` = 'e10adc3949ba59abbe56e057f20f883e' LIMIT 1  

[ 2019-03-27T14:18:26+08:00 ] 192.168.6.46 /dashboard/www/BankHelperAdministration/home/index/login
INFO: [ app_init ] --START--
INFO: Run Behavior\BuildLiteBehavior [ RunTime:0.000010s ]
INFO: [ app_init ] --END-- [ RunTime:0.000424s ]
INFO: [ app_begin ] --START--
INFO: Run Behavior\ReadHtmlCacheBehavior [ RunTime:0.000777s ]
INFO: [ app_begin ] --END-- [ RunTime:0.000816s ]
NOTIC: [2048] Declaration of Home\Controller\IndexController::show() should be compatible with Think\Controller::show($content, $charset = '', $contentType = '', $prefix = '') F:\xampp\htdocs\dashboard\www\BankHelperAdministration\Application\Home\Controller\IndexController.class.php 第 950 行.
SQL: SHOW COLUMNS FROM `person_info` [ RunTime:0.0030s ]
SQL: SELECT * FROM `person_info` WHERE `account` = 'weven' AND `password` = 'e10adc3949ba59abbe56e057f20f883e' LIMIT 1   [ RunTime:0.0004s ]
INFO: [ app_end ] --START--
INFO: Run Behavior\ShowPageTraceBehavior [ RunTime:0.001021s ]
INFO: [ app_end ] --END-- [ RunTime:0.001057s ]

[ 2019-03-27T14:22:07+08:00 ] 192.168.6.46 /dashboard/www/BankHelperAdministration/home/index/login
INFO: [ app_init ] --START--
INFO: Run Behavior\BuildLiteBehavior [ RunTime:0.000009s ]
INFO: [ app_init ] --END-- [ RunTime:0.000446s ]
INFO: [ app_begin ] --START--
INFO: Run Behavior\ReadHtmlCacheBehavior [ RunTime:0.000743s ]
INFO: [ app_begin ] --END-- [ RunTime:0.000786s ]
NOTIC: [2048] Declaration of Home\Controller\IndexController::show() should be compatible with Think\Controller::show($content, $charset = '', $contentType = '', $prefix = '') F:\xampp\htdocs\dashboard\www\BankHelperAdministration\Application\Home\Controller\IndexController.class.php 第 950 行.
SQL: SHOW COLUMNS FROM `person_info` [ RunTime:0.0037s ]
SQL: SELECT * FROM `person_info` WHERE `account` = 'weven' AND `password` = 'e10adc3949ba59abbe56e057f20f883e' LIMIT 1   [ RunTime:0.0003s ]
INFO: [ app_end ] --START--
INFO: Run Behavior\ShowPageTraceBehavior [ RunTime:0.000819s ]
INFO: [ app_end ] --END-- [ RunTime:0.000851s ]

[ 2019-03-27T14:22:22+08:00 ] 192.168.6.46 /dashboard/www/BankHelperAdministration/home/index/login
INFO: [ app_init ] --START--
INFO: Run Behavior\BuildLiteBehavior [ RunTime:0.000009s ]
INFO: [ app_init ] --END-- [ RunTime:0.000358s ]
INFO: [ app_begin ] --START--
INFO: Run Behavior\ReadHtmlCacheBehavior [ RunTime:0.000571s ]
INFO: [ app_begin ] --END-- [ RunTime:0.000617s ]
NOTIC: [2048] Declaration of Home\Controller\IndexController::show() should be compatible with Think\Controller::show($content, $charset = '', $contentType = '', $prefix = '') F:\xampp\htdocs\dashboard\www\BankHelperAdministration\Application\Home\Controller\IndexController.class.php 第 950 行.
SQL: SHOW COLUMNS FROM `person_info` [ RunTime:0.0181s ]
SQL: SELECT * FROM `person_info` WHERE `account` = 'weven' AND `password` = 'e10adc3949ba59abbe56e057f20f883e' LIMIT 1   [ RunTime:0.0002s ]
SQL: SELECT `id` FROM `person_info` WHERE `account` = 'weven' AND `password` = 'e10adc3949ba59abbe56e057f20f883e' LIMIT 1   [ RunTime:0.0001s ]
ERR: 1054:Unknown column 'paypassword' in 'field list'
 [ SQL语句 ] : SELECT `paypassword` FROM `person_info` WHERE `account` = 'weven' AND `password` = 'e10adc3949ba59abbe56e057f20f883e' LIMIT 1  
ERR: 1054:Unknown column 'paypassword' in 'field list'
 [ SQL语句 ] : SELECT `paypassword` FROM `person_info` WHERE `account` = 'weven' AND `password` = 'e10adc3949ba59abbe56e057f20f883e' LIMIT 1  

[ 2019-03-27T14:24:38+08:00 ] 192.168.6.46 /dashboard/www/BankHelperAdministration/home/index/login
INFO: [ app_init ] --START--
INFO: Run Behavior\BuildLiteBehavior [ RunTime:0.000009s ]
INFO: [ app_init ] --END-- [ RunTime:0.000380s ]
INFO: [ app_begin ] --START--
INFO: Run Behavior\ReadHtmlCacheBehavior [ RunTime:0.000540s ]
INFO: [ app_begin ] --END-- [ RunTime:0.000578s ]
NOTIC: [2048] Declaration of Home\Controller\IndexController::show() should be compatible with Think\Controller::show($content, $charset = '', $contentType = '', $prefix = '') F:\xampp\htdocs\dashboard\www\BankHelperAdministration\Application\Home\Controller\IndexController.class.php 第 950 行.
SQL: SHOW COLUMNS FROM `person_info` [ RunTime:0.0183s ]
SQL: SELECT * FROM `person_info` WHERE `account` = 'weven' AND `password` = 'd4e78d65132e7417ed670a78930e5f38' LIMIT 1   [ RunTime:0.0003s ]
INFO: [ app_end ] --START--
INFO: Run Behavior\ShowPageTraceBehavior [ RunTime:0.000653s ]
INFO: [ app_end ] --END-- [ RunTime:0.000684s ]

[ 2019-03-27T14:24:50+08:00 ] 192.168.6.46 /dashboard/www/BankHelperAdministration/home/index/login
INFO: [ app_init ] --START--
INFO: Run Behavior\BuildLiteBehavior [ RunTime:0.000009s ]
INFO: [ app_init ] --END-- [ RunTime:0.000411s ]
INFO: [ app_begin ] --START--
INFO: Run Behavior\ReadHtmlCacheBehavior [ RunTime:0.000529s ]
INFO: [ app_begin ] --END-- [ RunTime:0.000568s ]
NOTIC: [2048] Declaration of Home\Controller\IndexController::show() should be compatible with Think\Controller::show($content, $charset = '', $contentType = '', $prefix = '') F:\xampp\htdocs\dashboard\www\BankHelperAdministration\Application\Home\Controller\IndexController.class.php 第 950 行.
SQL: SHOW COLUMNS FROM `person_info` [ RunTime:0.0032s ]
SQL: SELECT * FROM `person_info` WHERE `account` = 'weven' AND `password` = 'e10adc3949ba59abbe56e057f20f883e' LIMIT 1   [ RunTime:0.0003s ]
SQL: SELECT `id` FROM `person_info` WHERE `account` = 'weven' AND `password` = 'e10adc3949ba59abbe56e057f20f883e' LIMIT 1   [ RunTime:0.0002s ]
ERR: 1054:Unknown column 'paypassword' in 'field list'
 [ SQL语句 ] : SELECT `paypassword` FROM `person_info` WHERE `account` = 'weven' AND `password` = 'e10adc3949ba59abbe56e057f20f883e' LIMIT 1  
ERR: 1054:Unknown column 'paypassword' in 'field list'
 [ SQL语句 ] : SELECT `paypassword` FROM `person_info` WHERE `account` = 'weven' AND `password` = 'e10adc3949ba59abbe56e057f20f883e' LIMIT 1  

[ 2019-03-27T14:24:52+08:00 ] 192.168.6.46 /dashboard/www/BankHelperAdministration/home/index/login
INFO: [ app_init ] --START--
INFO: Run Behavior\BuildLiteBehavior [ RunTime:0.000010s ]
INFO: [ app_init ] --END-- [ RunTime:0.000344s ]
INFO: [ app_begin ] --START--
INFO: Run Behavior\ReadHtmlCacheBehavior [ RunTime:0.000474s ]
INFO: [ app_begin ] --END-- [ RunTime:0.000513s ]
NOTIC: [2048] Declaration of Home\Controller\IndexController::show() should be compatible with Think\Controller::show($content, $charset = '', $contentType = '', $prefix = '') F:\xampp\htdocs\dashboard\www\BankHelperAdministration\Application\Home\Controller\IndexController.class.php 第 950 行.
SQL: SHOW COLUMNS FROM `person_info` [ RunTime:0.0028s ]
SQL: SELECT * FROM `person_info` WHERE `account` = 'weven' AND `password` = 'e10adc3949ba59abbe56e057f20f883e' LIMIT 1   [ RunTime:0.0003s ]
SQL: SELECT `id` FROM `person_info` WHERE `account` = 'weven' AND `password` = 'e10adc3949ba59abbe56e057f20f883e' LIMIT 1   [ RunTime:0.0002s ]
ERR: 1054:Unknown column 'paypassword' in 'field list'
 [ SQL语句 ] : SELECT `paypassword` FROM `person_info` WHERE `account` = 'weven' AND `password` = 'e10adc3949ba59abbe56e057f20f883e' LIMIT 1  
ERR: 1054:Unknown column 'paypassword' in 'field list'
 [ SQL语句 ] : SELECT `paypassword` FROM `person_info` WHERE `account` = 'weven' AND `password` = 'e10adc3949ba59abbe56e057f20f883e' LIMIT 1  

[ 2019-03-27T14:24:54+08:00 ] 192.168.6.46 /dashboard/www/BankHelperAdministration/home/index/login
INFO: [ app_init ] --START--
INFO: Run Behavior\BuildLiteBehavior [ RunTime:0.000010s ]
INFO: [ app_init ] --END-- [ RunTime:0.000391s ]
INFO: [ app_begin ] --START--
INFO: Run Behavior\ReadHtmlCacheBehavior [ RunTime:0.000480s ]
INFO: [ app_begin ] --END-- [ RunTime:0.000519s ]
NOTIC: [2048] Declaration of Home\Controller\IndexController::show() should be compatible with Think\Controller::show($content, $charset = '', $contentType = '', $prefix = '') F:\xampp\htdocs\dashboard\www\BankHelperAdministration\Application\Home\Controller\IndexController.class.php 第 950 行.
SQL: SHOW COLUMNS FROM `person_info` [ RunTime:0.0206s ]
SQL: SELECT * FROM `person_info` WHERE `account` = 'weven' AND `password` = 'e10adc3949ba59abbe56e057f20f883e' LIMIT 1   [ RunTime:0.0004s ]
SQL: SELECT `id` FROM `person_info` WHERE `account` = 'weven' AND `password` = 'e10adc3949ba59abbe56e057f20f883e' LIMIT 1   [ RunTime:0.0003s ]
ERR: 1054:Unknown column 'paypassword' in 'field list'
 [ SQL语句 ] : SELECT `paypassword` FROM `person_info` WHERE `account` = 'weven' AND `password` = 'e10adc3949ba59abbe56e057f20f883e' LIMIT 1  
ERR: 1054:Unknown column 'paypassword' in 'field list'
 [ SQL语句 ] : SELECT `paypassword` FROM `person_info` WHERE `account` = 'weven' AND `password` = 'e10adc3949ba59abbe56e057f20f883e' LIMIT 1  

[ 2019-03-27T14:29:36+08:00 ] 192.168.6.46 /dashboard/www/BankHelperAdministration/home/index/login
INFO: [ app_init ] --START--
INFO: Run Behavior\BuildLiteBehavior [ RunTime:0.000009s ]
INFO: [ app_init ] --END-- [ RunTime:0.000478s ]
INFO: [ app_begin ] --START--
INFO: Run Behavior\ReadHtmlCacheBehavior [ RunTime:0.000590s ]
INFO: [ app_begin ] --END-- [ RunTime:0.000633s ]
NOTIC: [2048] Declaration of Home\Controller\IndexController::show() should be compatible with Think\Controller::show($content, $charset = '', $contentType = '', $prefix = '') F:\xampp\htdocs\dashboard\www\BankHelperAdministration\Application\Home\Controller\IndexController.class.php 第 950 行.
SQL: SHOW COLUMNS FROM `person_info` [ RunTime:0.0031s ]
SQL: SELECT * FROM `person_info` WHERE `account` = 'weven' AND `password` = 'e10adc3949ba59abbe56e057f20f883e' LIMIT 1   [ RunTime:0.0007s ]
SQL: SELECT `id` FROM `person_info` WHERE `account` = 'weven' AND `password` = 'e10adc3949ba59abbe56e057f20f883e' LIMIT 1   [ RunTime:0.0003s ]
ERR: 1054:Unknown column 'paypassword' in 'field list'
 [ SQL语句 ] : SELECT `paypassword` FROM `person_info` WHERE `account` = 'weven' AND `password` = 'e10adc3949ba59abbe56e057f20f883e' LIMIT 1  
ERR: 1054:Unknown column 'paypassword' in 'field list'
 [ SQL语句 ] : SELECT `paypassword` FROM `person_info` WHERE `account` = 'weven' AND `password` = 'e10adc3949ba59abbe56e057f20f883e' LIMIT 1  

[ 2019-03-27T14:39:11+08:00 ] ::1 /dashboard/www/BankHelperAdministration/
INFO: [ app_init ] --START--
INFO: Run Behavior\BuildLiteBehavior [ RunTime:0.000011s ]
INFO: [ app_init ] --END-- [ RunTime:0.000441s ]
INFO: [ app_begin ] --START--
INFO: Run Behavior\ReadHtmlCacheBehavior [ RunTime:0.000603s ]
INFO: [ app_begin ] --END-- [ RunTime:0.000649s ]
NOTIC: [2048] Declaration of Home\Controller\IndexController::show() should be compatible with Think\Controller::show($content, $charset = '', $contentType = '', $prefix = '') F:\xampp\htdocs\dashboard\www\BankHelperAdministration\Application\Home\Controller\IndexController.class.php 第 950 行.
INFO: [ view_parse ] --START--
INFO: [ template_filter ] --START--
INFO: Run Behavior\ContentReplaceBehavior [ RunTime:0.000050s ]
INFO: [ template_filter ] --END-- [ RunTime:0.000095s ]
INFO: Run Behavior\ParseTemplateBehavior [ RunTime:0.142352s ]
INFO: [ view_parse ] --END-- [ RunTime:0.142391s ]
INFO: [ view_filter ] --START--
INFO: Run Behavior\WriteHtmlCacheBehavior [ RunTime:0.010317s ]
INFO: [ view_filter ] --END-- [ RunTime:0.010357s ]
INFO: [ app_end ] --START--
INFO: Run Behavior\ShowPageTraceBehavior [ RunTime:0.000635s ]
INFO: [ app_end ] --END-- [ RunTime:0.000665s ]

[ 2019-03-27T15:03:56+08:00 ] 192.168.6.46 /dashboard/www/BankHelperAdministration/home/index/login
INFO: [ app_init ] --START--
INFO: Run Behavior\BuildLiteBehavior [ RunTime:0.000011s ]
INFO: [ app_init ] --END-- [ RunTime:0.000578s ]
INFO: [ app_begin ] --START--
INFO: Run Behavior\ReadHtmlCacheBehavior [ RunTime:0.000850s ]
INFO: [ app_begin ] --END-- [ RunTime:0.000901s ]
NOTIC: [2048] Declaration of Home\Controller\IndexController::show() should be compatible with Think\Controller::show($content, $charset = '', $contentType = '', $prefix = '') F:\xampp\htdocs\dashboard\www\BankHelperAdministration\Application\Home\Controller\IndexController.class.php 第 950 行.
SQL: SHOW COLUMNS FROM `person_info` [ RunTime:0.0238s ]
SQL: SELECT * FROM `person_info` WHERE `account` = 'weven' AND `password` = 'e10adc3949ba59abbe56e057f20f883e' LIMIT 1   [ RunTime:0.0003s ]
SQL: SELECT `id` FROM `person_info` WHERE `account` = 'weven' AND `password` = 'e10adc3949ba59abbe56e057f20f883e' LIMIT 1   [ RunTime:0.0001s ]
ERR: 1054:Unknown column 'paypassword' in 'field list'
 [ SQL语句 ] : SELECT `paypassword` FROM `person_info` WHERE `account` = 'weven' AND `password` = 'e10adc3949ba59abbe56e057f20f883e' LIMIT 1  
ERR: 1054:Unknown column 'paypassword' in 'field list'
 [ SQL语句 ] : SELECT `paypassword` FROM `person_info` WHERE `account` = 'weven' AND `password` = 'e10adc3949ba59abbe56e057f20f883e' LIMIT 1  

[ 2019-03-27T15:27:51+08:00 ] 192.168.6.46 /dashboard/www/BankHelperAdministration/home/index/login
INFO: [ app_init ] --START--
INFO: Run Behavior\BuildLiteBehavior [ RunTime:0.000009s ]
INFO: [ app_init ] --END-- [ RunTime:0.000558s ]
INFO: [ app_begin ] --START--
INFO: Run Behavior\ReadHtmlCacheBehavior [ RunTime:0.000956s ]
INFO: [ app_begin ] --END-- [ RunTime:0.000998s ]
NOTIC: [2048] Declaration of Home\Controller\IndexController::show() should be compatible with Think\Controller::show($content, $charset = '', $contentType = '', $prefix = '') F:\xampp\htdocs\dashboard\www\BankHelperAdministration\Application\Home\Controller\IndexController.class.php 第 950 行.
SQL: SHOW COLUMNS FROM `person_info` [ RunTime:0.0300s ]
SQL: SELECT * FROM `person_info` WHERE `account` = 'weven' AND `password` = 'e10adc3949ba59abbe56e057f20f883e' LIMIT 1   [ RunTime:0.0007s ]
SQL: SELECT `id` FROM `person_info` WHERE `account` = 'weven' AND `password` = 'e10adc3949ba59abbe56e057f20f883e' LIMIT 1   [ RunTime:0.0002s ]
ERR: 1054:Unknown column 'paypassword' in 'field list'
 [ SQL语句 ] : SELECT `paypassword` FROM `person_info` WHERE `account` = 'weven' AND `password` = 'e10adc3949ba59abbe56e057f20f883e' LIMIT 1  
ERR: 1054:Unknown column 'paypassword' in 'field list'
 [ SQL语句 ] : SELECT `paypassword` FROM `person_info` WHERE `account` = 'weven' AND `password` = 'e10adc3949ba59abbe56e057f20f883e' LIMIT 1  

[ 2019-03-27T15:28:03+08:00 ] 192.168.6.46 /dashboard/www/BankHelperAdministration/home/index/login
INFO: [ app_init ] --START--
INFO: Run Behavior\BuildLiteBehavior [ RunTime:0.000009s ]
INFO: [ app_init ] --END-- [ RunTime:0.000450s ]
INFO: [ app_begin ] --START--
INFO: Run Behavior\ReadHtmlCacheBehavior [ RunTime:0.002139s ]
INFO: [ app_begin ] --END-- [ RunTime:0.002215s ]
NOTIC: [2048] Declaration of Home\Controller\IndexController::show() should be compatible with Think\Controller::show($content, $charset = '', $contentType = '', $prefix = '') F:\xampp\htdocs\dashboard\www\BankHelperAdministration\Application\Home\Controller\IndexController.class.php 第 950 行.
SQL: SHOW COLUMNS FROM `person_info` [ RunTime:0.0298s ]
SQL: SELECT * FROM `person_info` WHERE `account` = 'weven' AND `password` = 'e10adc3949ba59abbe56e057f20f883e' LIMIT 1   [ RunTime:0.0003s ]
SQL: SELECT `id` FROM `person_info` WHERE `account` = 'weven' AND `password` = 'e10adc3949ba59abbe56e057f20f883e' LIMIT 1   [ RunTime:0.0002s ]
ERR: 1054:Unknown column 'paypassword' in 'field list'
 [ SQL语句 ] : SELECT `paypassword` FROM `person_info` WHERE `account` = 'weven' AND `password` = 'e10adc3949ba59abbe56e057f20f883e' LIMIT 1  
ERR: 1054:Unknown column 'paypassword' in 'field list'
 [ SQL语句 ] : SELECT `paypassword` FROM `person_info` WHERE `account` = 'weven' AND `password` = 'e10adc3949ba59abbe56e057f20f883e' LIMIT 1  

[ 2019-03-27T15:33:24+08:00 ] ::1 /dashboard/www/BankHelperAdministration/Home/User
INFO: [ app_init ] --START--
INFO: Run Behavior\BuildLiteBehavior [ RunTime:0.000010s ]
INFO: [ app_init ] --END-- [ RunTime:0.000449s ]
INFO: [ app_begin ] --START--
INFO: Run Behavior\ReadHtmlCacheBehavior [ RunTime:0.000812s ]
INFO: [ app_begin ] --END-- [ RunTime:0.000850s ]
SQL: SHOW COLUMNS FROM `person_info` [ RunTime:0.0272s ]
SQL: SELECT * FROM `person_info`  [ RunTime:0.0003s ]
INFO: [ view_parse ] --START--
INFO: [ template_filter ] --START--
INFO: Run Behavior\ContentReplaceBehavior [ RunTime:0.000055s ]
INFO: [ template_filter ] --END-- [ RunTime:0.000104s ]
INFO: Run Behavior\ParseTemplateBehavior [ RunTime:0.022482s ]
INFO: [ view_parse ] --END-- [ RunTime:0.022539s ]
INFO: [ view_filter ] --START--
INFO: Run Behavior\WriteHtmlCacheBehavior [ RunTime:0.000786s ]
INFO: [ view_filter ] --END-- [ RunTime:0.000828s ]
INFO: [ app_end ] --START--
INFO: Run Behavior\ShowPageTraceBehavior [ RunTime:0.000900s ]
INFO: [ app_end ] --END-- [ RunTime:0.000950s ]

[ 2019-03-27T15:33:30+08:00 ] ::1 /dashboard/www/BankHelperAdministration/Home/Feedback.html
INFO: [ app_init ] --START--
INFO: Run Behavior\BuildLiteBehavior [ RunTime:0.000012s ]
INFO: [ app_init ] --END-- [ RunTime:0.000449s ]
INFO: [ app_begin ] --START--
INFO: Run Behavior\ReadHtmlCacheBehavior [ RunTime:0.000881s ]
INFO: [ app_begin ] --END-- [ RunTime:0.000950s ]
SQL: SHOW COLUMNS FROM `feedback` [ RunTime:0.0355s ]
SQL: SELECT * FROM `feedback` WHERE ( type = 0 )  [ RunTime:0.0221s ]
INFO: [ view_parse ] --START--
INFO: [ template_filter ] --START--
INFO: Run Behavior\ContentReplaceBehavior [ RunTime:0.000049s ]
INFO: [ template_filter ] --END-- [ RunTime:0.000085s ]
INFO: Run Behavior\ParseTemplateBehavior [ RunTime:0.008607s ]
INFO: [ view_parse ] --END-- [ RunTime:0.008650s ]
INFO: [ view_filter ] --START--
INFO: Run Behavior\WriteHtmlCacheBehavior [ RunTime:0.000557s ]
INFO: [ view_filter ] --END-- [ RunTime:0.000585s ]
INFO: [ app_end ] --START--
INFO: Run Behavior\ShowPageTraceBehavior [ RunTime:0.000720s ]
INFO: [ app_end ] --END-- [ RunTime:0.000756s ]

[ 2019-03-27T15:33:32+08:00 ] ::1 /dashboard/www/BankHelperAdministration/Home/RiskReport
INFO: [ app_init ] --START--
INFO: Run Behavior\BuildLiteBehavior [ RunTime:0.000010s ]
INFO: [ app_init ] --END-- [ RunTime:0.000458s ]
INFO: [ app_begin ] --START--
INFO: Run Behavior\ReadHtmlCacheBehavior [ RunTime:0.000767s ]
INFO: [ app_begin ] --END-- [ RunTime:0.000814s ]
SQL: SHOW COLUMNS FROM `risk` [ RunTime:0.0360s ]
SQL: SELECT * FROM `risk` WHERE ( type = 0 )  [ RunTime:0.0002s ]
INFO: [ view_parse ] --START--
INFO: [ template_filter ] --START--
INFO: Run Behavior\ContentReplaceBehavior [ RunTime:0.000048s ]
INFO: [ template_filter ] --END-- [ RunTime:0.000088s ]
INFO: Run Behavior\ParseTemplateBehavior [ RunTime:0.010083s ]
INFO: [ view_parse ] --END-- [ RunTime:0.010135s ]
INFO: [ view_filter ] --START--
INFO: Run Behavior\WriteHtmlCacheBehavior [ RunTime:0.000679s ]
INFO: [ view_filter ] --END-- [ RunTime:0.000728s ]
INFO: [ app_end ] --START--
INFO: Run Behavior\ShowPageTraceBehavior [ RunTime:0.001112s ]
INFO: [ app_end ] --END-- [ RunTime:0.001157s ]

[ 2019-03-27T15:33:35+08:00 ] ::1 /dashboard/www/BankHelperAdministration/Home/ImportIn
INFO: [ app_init ] --START--
INFO: Run Behavior\BuildLiteBehavior [ RunTime:0.000011s ]
INFO: [ app_init ] --END-- [ RunTime:0.000426s ]
INFO: [ app_begin ] --START--
INFO: Run Behavior\ReadHtmlCacheBehavior [ RunTime:0.000726s ]
INFO: [ app_begin ] --END-- [ RunTime:0.000766s ]
SQL: SHOW COLUMNS FROM `transfer_info` [ RunTime:0.0714s ]
SQL: SELECT * FROM `transfer_info` WHERE ( status = 0 )  [ RunTime:0.0003s ]
NOTIC: [8] Undefined variable: array F:\xampp\htdocs\dashboard\www\BankHelperAdministration\Application\Home\Controller\ImportInController.class.php 第 28 行.
INFO: [ view_parse ] --START--
INFO: [ template_filter ] --START--
INFO: Run Behavior\ContentReplaceBehavior [ RunTime:0.000055s ]
INFO: [ template_filter ] --END-- [ RunTime:0.000092s ]
INFO: Run Behavior\ParseTemplateBehavior [ RunTime:0.016963s ]
INFO: [ view_parse ] --END-- [ RunTime:0.017012s ]
INFO: [ view_filter ] --START--
INFO: Run Behavior\WriteHtmlCacheBehavior [ RunTime:0.000625s ]
INFO: [ view_filter ] --END-- [ RunTime:0.000656s ]
INFO: [ app_end ] --START--
INFO: Run Behavior\ShowPageTraceBehavior [ RunTime:0.000833s ]
INFO: [ app_end ] --END-- [ RunTime:0.000878s ]

[ 2019-03-27T15:44:09+08:00 ] 192.168.6.46 /dashboard/www/BankHelperAdministration/home/index/login
INFO: [ app_init ] --START--
INFO: Run Behavior\BuildLiteBehavior [ RunTime:0.000011s ]
INFO: [ app_init ] --END-- [ RunTime:0.000451s ]
INFO: [ app_begin ] --START--
INFO: Run Behavior\ReadHtmlCacheBehavior [ RunTime:0.000716s ]
INFO: [ app_begin ] --END-- [ RunTime:0.000762s ]
NOTIC: [2048] Declaration of Home\Controller\IndexController::show() should be compatible with Think\Controller::show($content, $charset = '', $contentType = '', $prefix = '') F:\xampp\htdocs\dashboard\www\BankHelperAdministration\Application\Home\Controller\IndexController.class.php 第 950 行.
SQL: SHOW COLUMNS FROM `person_info` [ RunTime:0.0243s ]
SQL: SELECT * FROM `person_info` WHERE `account` = 'weven' AND `password` = 'e10adc3949ba59abbe56e057f20f883e' LIMIT 1   [ RunTime:0.0003s ]
SQL: SELECT `id` FROM `person_info` WHERE `account` = 'weven' AND `password` = 'e10adc3949ba59abbe56e057f20f883e' LIMIT 1   [ RunTime:0.0002s ]
ERR: 1054:Unknown column 'paypassword' in 'field list'
 [ SQL语句 ] : SELECT `paypassword` FROM `person_info` WHERE `account` = 'weven' AND `password` = 'e10adc3949ba59abbe56e057f20f883e' LIMIT 1  
ERR: 1054:Unknown column 'paypassword' in 'field list'
 [ SQL语句 ] : SELECT `paypassword` FROM `person_info` WHERE `account` = 'weven' AND `password` = 'e10adc3949ba59abbe56e057f20f883e' LIMIT 1  

