[ 2019-03-13T10:24:38+08:00 ] ::1 /dashboard/www/BankHelperAdministration/Public/js/layer/layer.js
INFO: [ app_init ] --START--
INFO: Run Behavior\BuildLiteBehavior [ RunTime:0.000011s ]
INFO: [ app_init ] --END-- [ RunTime:0.000490s ]
ERR: 无法加载模块:Public

[ 2019-03-13T10:24:38+08:00 ] ::1 /dashboard/www/BankHelperAdministration/Public/images/default.png
INFO: [ app_init ] --START--
INFO: Run Behavior\BuildLiteBehavior [ RunTime:0.000013s ]
INFO: [ app_init ] --END-- [ RunTime:0.000620s ]
ERR: 无法加载模块:Public

[ 2019-03-13T10:24:38+08:00 ] ::1 /dashboard/www/BankHelperAdministration/Public/js/layer/layer.js
INFO: [ app_init ] --START--
INFO: Run Behavior\BuildLiteBehavior [ RunTime:0.000015s ]
INFO: [ app_init ] --END-- [ RunTime:0.000552s ]
ERR: 无法加载模块:Public

[ 2019-03-13T10:24:39+08:00 ] ::1 /dashboard/www/BankHelperAdministration/Public/images/default.png
INFO: [ app_init ] --START--
INFO: Run Behavior\BuildLiteBehavior [ RunTime:0.000013s ]
INFO: [ app_init ] --END-- [ RunTime:0.002524s ]
ERR: 无法加载模块:Public

[ 2019-03-13T10:24:39+08:00 ] ::1 /dashboard/www/BankHelperAdministration/Public/js/layer/layer.js
INFO: [ app_init ] --START--
INFO: Run Behavior\BuildLiteBehavior [ RunTime:0.000013s ]
INFO: [ app_init ] --END-- [ RunTime:0.000625s ]
ERR: 无法加载模块:Public

[ 2019-03-13T10:24:40+08:00 ] ::1 /dashboard/www/BankHelperAdministration/Public/images/default.png
INFO: [ app_init ] --START--
INFO: Run Behavior\BuildLiteBehavior [ RunTime:0.000012s ]
INFO: [ app_init ] --END-- [ RunTime:0.000470s ]
ERR: 无法加载模块:Public

[ 2019-03-13T10:24:40+08:00 ] ::1 /dashboard/www/BankHelperAdministration/Public/js/layer/layer.js
INFO: [ app_init ] --START--
INFO: Run Behavior\BuildLiteBehavior [ RunTime:0.000019s ]
INFO: [ app_init ] --END-- [ RunTime:0.000518s ]
ERR: 无法加载模块:Public

[ 2019-03-13T10:25:34+08:00 ] ::1 /dashboard/www/BankHelperAdministration/Public/images/default.png
INFO: [ app_init ] --START--
INFO: Run Behavior\BuildLiteBehavior [ RunTime:0.000011s ]
INFO: [ app_init ] --END-- [ RunTime:0.000553s ]
ERR: 无法加载模块:Public

[ 2019-03-13T10:25:34+08:00 ] ::1 /dashboard/www/BankHelperAdministration/Public/js/layer/layer.js
INFO: [ app_init ] --START--
INFO: Run Behavior\BuildLiteBehavior [ RunTime:0.000014s ]
INFO: [ app_init ] --END-- [ RunTime:0.000498s ]
ERR: 无法加载模块:Public

[ 2019-03-13T10:25:34+08:00 ] ::1 /dashboard/www/BankHelperAdministration/Public/js/layer/layer.js
INFO: [ app_init ] --START--
INFO: Run Behavior\BuildLiteBehavior [ RunTime:0.000012s ]
INFO: [ app_init ] --END-- [ RunTime:0.000499s ]
ERR: 无法加载模块:Public

[ 2019-03-13T10:25:35+08:00 ] ::1 /dashboard/www/BankHelperAdministration/Public/images/default.png
INFO: [ app_init ] --START--
INFO: Run Behavior\BuildLiteBehavior [ RunTime:0.000042s ]
INFO: [ app_init ] --END-- [ RunTime:0.000734s ]
ERR: 无法加载模块:Public

[ 2019-03-13T10:25:35+08:00 ] ::1 /dashboard/www/BankHelperAdministration/Public/js/layer/layer.js
INFO: [ app_init ] --START--
INFO: Run Behavior\BuildLiteBehavior [ RunTime:0.000012s ]
INFO: [ app_init ] --END-- [ RunTime:0.000469s ]
ERR: 无法加载模块:Public

[ 2019-03-13T10:25:35+08:00 ] ::1 /dashboard/www/BankHelperAdministration/Public/js/layer/layer.js
INFO: [ app_init ] --START--
INFO: Run Behavior\BuildLiteBehavior [ RunTime:0.000018s ]
INFO: [ app_init ] --END-- [ RunTime:0.000609s ]
ERR: 无法加载模块:Public

[ 2019-03-13T10:25:36+08:00 ] ::1 /dashboard/www/BankHelperAdministration/Public/images/default.png
INFO: [ app_init ] --START--
INFO: Run Behavior\BuildLiteBehavior [ RunTime:0.000012s ]
INFO: [ app_init ] --END-- [ RunTime:0.000511s ]
ERR: 无法加载模块:Public

[ 2019-03-13T10:25:37+08:00 ] ::1 /dashboard/www/BankHelperAdministration/Public/images/default.png
INFO: [ app_init ] --START--
INFO: Run Behavior\BuildLiteBehavior [ RunTime:0.000011s ]
INFO: [ app_init ] --END-- [ RunTime:0.000592s ]
ERR: 无法加载模块:Public

[ 2019-03-13T10:25:37+08:00 ] ::1 /dashboard/www/BankHelperAdministration/Public/js/layer/layer.js
INFO: [ app_init ] --START--
INFO: Run Behavior\BuildLiteBehavior [ RunTime:0.000013s ]
INFO: [ app_init ] --END-- [ RunTime:0.000597s ]
ERR: 无法加载模块:Public

[ 2019-03-13T10:25:40+08:00 ] ::1 /dashboard/www/BankHelperAdministration/Public/js/layer/layer.js
INFO: [ app_init ] --START--
INFO: Run Behavior\BuildLiteBehavior [ RunTime:0.000011s ]
INFO: [ app_init ] --END-- [ RunTime:0.000515s ]
ERR: 无法加载模块:Public

[ 2019-03-13T10:27:00+08:00 ] ::1 /dashboard/www/BankHelperAdministration/Public/js/layer/layer.js
INFO: [ app_init ] --START--
INFO: Run Behavior\BuildLiteBehavior [ RunTime:0.000011s ]
INFO: [ app_init ] --END-- [ RunTime:0.000477s ]
ERR: 无法加载模块:Public

[ 2019-03-13T10:27:00+08:00 ] ::1 /dashboard/www/BankHelperAdministration/Public/js/layer/layer.js
INFO: [ app_init ] --START--
INFO: Run Behavior\BuildLiteBehavior [ RunTime:0.000015s ]
INFO: [ app_init ] --END-- [ RunTime:0.000502s ]
ERR: 无法加载模块:Public

[ 2019-03-13T10:27:01+08:00 ] ::1 /dashboard/www/BankHelperAdministration/Public/js/layer/layer.js
INFO: [ app_init ] --START--
INFO: Run Behavior\BuildLiteBehavior [ RunTime:0.000011s ]
INFO: [ app_init ] --END-- [ RunTime:0.000533s ]
ERR: 无法加载模块:Public

[ 2019-03-13T10:27:01+08:00 ] ::1 /dashboard/www/BankHelperAdministration/Public/js/layer/layer.js
INFO: [ app_init ] --START--
INFO: Run Behavior\BuildLiteBehavior [ RunTime:0.000012s ]
INFO: [ app_init ] --END-- [ RunTime:0.000448s ]
ERR: 无法加载模块:Public

[ 2019-03-13T10:27:01+08:00 ] ::1 /dashboard/www/BankHelperAdministration/Public/js/layer/layer.js
INFO: [ app_init ] --START--
INFO: Run Behavior\BuildLiteBehavior [ RunTime:0.000010s ]
INFO: [ app_init ] --END-- [ RunTime:0.000460s ]
ERR: 无法加载模块:Public

[ 2019-03-13T10:27:01+08:00 ] ::1 /dashboard/www/BankHelperAdministration/Public/js/layer/layer.js
INFO: [ app_init ] --START--
INFO: Run Behavior\BuildLiteBehavior [ RunTime:0.000011s ]
INFO: [ app_init ] --END-- [ RunTime:0.000496s ]
ERR: 无法加载模块:Public

[ 2019-03-13T10:29:05+08:00 ] ::1 /dashboard/www/BankHelperAdministration/Public/js/layer/layer.js
INFO: [ app_init ] --START--
INFO: Run Behavior\BuildLiteBehavior [ RunTime:0.000011s ]
INFO: [ app_init ] --END-- [ RunTime:0.000488s ]
ERR: 无法加载模块:Public

[ 2019-03-13T10:29:05+08:00 ] ::1 /dashboard/www/BankHelperAdministration/Public/js/layer/layer.js
INFO: [ app_init ] --START--
INFO: Run Behavior\BuildLiteBehavior [ RunTime:0.000030s ]
INFO: [ app_init ] --END-- [ RunTime:0.000780s ]
ERR: 无法加载模块:Public

[ 2019-03-13T10:29:06+08:00 ] ::1 /dashboard/www/BankHelperAdministration/Public/js/layer/layer.js
INFO: [ app_init ] --START--
INFO: Run Behavior\BuildLiteBehavior [ RunTime:0.000011s ]
INFO: [ app_init ] --END-- [ RunTime:0.000454s ]
ERR: 无法加载模块:Public

[ 2019-03-13T10:29:06+08:00 ] ::1 /dashboard/www/BankHelperAdministration/Public/js/layer/layer.js
INFO: [ app_init ] --START--
INFO: Run Behavior\BuildLiteBehavior [ RunTime:0.000012s ]
INFO: [ app_init ] --END-- [ RunTime:0.000435s ]
ERR: 无法加载模块:Public

[ 2019-03-13T10:29:18+08:00 ] ::1 /dashboard/www/BankHelperAdministration/Public/js/layer/layer.js
INFO: [ app_init ] --START--
INFO: Run Behavior\BuildLiteBehavior [ RunTime:0.000013s ]
INFO: [ app_init ] --END-- [ RunTime:0.000571s ]
ERR: 无法加载模块:Public

[ 2019-03-13T10:29:18+08:00 ] ::1 /dashboard/www/BankHelperAdministration/Public/js/layer/layer.js
INFO: [ app_init ] --START--
INFO: Run Behavior\BuildLiteBehavior [ RunTime:0.000010s ]
INFO: [ app_init ] --END-- [ RunTime:0.000452s ]
ERR: 无法加载模块:Public

[ 2019-03-13T10:29:22+08:00 ] ::1 /dashboard/www/BankHelperAdministration/Public/js/layer/layer.js
INFO: [ app_init ] --START--
INFO: Run Behavior\BuildLiteBehavior [ RunTime:0.000012s ]
INFO: [ app_init ] --END-- [ RunTime:0.000475s ]
ERR: 无法加载模块:Public

[ 2019-03-13T10:29:22+08:00 ] ::1 /dashboard/www/BankHelperAdministration/Public/js/layer/layer.js
INFO: [ app_init ] --START--
INFO: Run Behavior\BuildLiteBehavior [ RunTime:0.000010s ]
INFO: [ app_init ] --END-- [ RunTime:0.000508s ]
ERR: 无法加载模块:Public

[ 2019-03-13T10:49:38+08:00 ] ::1 /dashboard/www/BankHelperAdministration/Public/js/layer/layer.js
INFO: [ app_init ] --START--
INFO: Run Behavior\BuildLiteBehavior [ RunTime:0.000012s ]
INFO: [ app_init ] --END-- [ RunTime:0.000474s ]
ERR: 无法加载模块:Public

[ 2019-03-13T10:49:38+08:00 ] ::1 /dashboard/www/BankHelperAdministration/Public/js/layer/layer.js
INFO: [ app_init ] --START--
INFO: Run Behavior\BuildLiteBehavior [ RunTime:0.000011s ]
INFO: [ app_init ] --END-- [ RunTime:0.000452s ]
ERR: 无法加载模块:Public

[ 2019-03-13T10:49:40+08:00 ] ::1 /dashboard/www/BankHelperAdministration/Public/js/layer/layer.js
INFO: [ app_init ] --START--
INFO: Run Behavior\BuildLiteBehavior [ RunTime:0.000012s ]
INFO: [ app_init ] --END-- [ RunTime:0.000485s ]
ERR: 无法加载模块:Public

[ 2019-03-13T10:49:40+08:00 ] ::1 /dashboard/www/BankHelperAdministration/Public/js/layer/layer.js
INFO: [ app_init ] --START--
INFO: Run Behavior\BuildLiteBehavior [ RunTime:0.000024s ]
INFO: [ app_init ] --END-- [ RunTime:0.000633s ]
ERR: 无法加载模块:Public

[ 2019-03-13T14:43:35+08:00 ] ::1 /dashboard/www/BankHelperAdministration/Public/js/layer/layer.js
INFO: [ app_init ] --START--
INFO: Run Behavior\BuildLiteBehavior [ RunTime:0.000012s ]
INFO: [ app_init ] --END-- [ RunTime:0.000555s ]
ERR: 无法加载模块:Public

[ 2019-03-13T14:43:35+08:00 ] ::1 /dashboard/www/BankHelperAdministration/Public/assets/i/examples/admin-firefox.png
INFO: [ app_init ] --START--
INFO: Run Behavior\BuildLiteBehavior [ RunTime:0.000012s ]
INFO: [ app_init ] --END-- [ RunTime:0.000443s ]
ERR: 无法加载模块:Public

[ 2019-03-13T14:43:35+08:00 ] ::1 /dashboard/www/BankHelperAdministration/Public/assets/i/examples/admin-ie.png
INFO: [ app_init ] --START--
INFO: Run Behavior\BuildLiteBehavior [ RunTime:0.000012s ]
INFO: [ app_init ] --END-- [ RunTime:0.000521s ]
ERR: 无法加载模块:Public

[ 2019-03-13T14:43:35+08:00 ] ::1 /dashboard/www/BankHelperAdministration/Public/assets/i/examples/admin-opera.png
INFO: [ app_init ] --START--
INFO: Run Behavior\BuildLiteBehavior [ RunTime:0.000010s ]
INFO: [ app_init ] --END-- [ RunTime:0.000517s ]
ERR: 无法加载模块:Public

[ 2019-03-13T14:43:35+08:00 ] ::1 /dashboard/www/BankHelperAdministration/Public/assets/i/examples/admin-safari.png
INFO: [ app_init ] --START--
INFO: Run Behavior\BuildLiteBehavior [ RunTime:0.000028s ]
INFO: [ app_init ] --END-- [ RunTime:0.000633s ]
ERR: 无法加载模块:Public

[ 2019-03-13T14:43:35+08:00 ] ::1 /dashboard/www/BankHelperAdministration/Public/assets/i/examples/admin-chrome.png
INFO: [ app_init ] --START--
INFO: Run Behavior\BuildLiteBehavior [ RunTime:0.000013s ]
INFO: [ app_init ] --END-- [ RunTime:0.000459s ]
ERR: 无法加载模块:Public

[ 2019-03-13T14:43:35+08:00 ] ::1 /dashboard/www/BankHelperAdministration/Public/js/layer/layer.js
INFO: [ app_init ] --START--
INFO: Run Behavior\BuildLiteBehavior [ RunTime:0.000012s ]
INFO: [ app_init ] --END-- [ RunTime:0.000406s ]
ERR: 无法加载模块:Public

[ 2019-03-13T14:44:34+08:00 ] ::1 /dashboard/www/BankHelperAdministration/Public/js/layer/layer.js
INFO: [ app_init ] --START--
INFO: Run Behavior\BuildLiteBehavior [ RunTime:0.000011s ]
INFO: [ app_init ] --END-- [ RunTime:0.000550s ]
ERR: 无法加载模块:Public

[ 2019-03-13T14:44:34+08:00 ] ::1 /dashboard/www/BankHelperAdministration/Public/assets/i/examples/admin-firefox.png
INFO: [ app_init ] --START--
INFO: Run Behavior\BuildLiteBehavior [ RunTime:0.000011s ]
INFO: [ app_init ] --END-- [ RunTime:0.000485s ]
ERR: 无法加载模块:Public

[ 2019-03-13T14:44:34+08:00 ] ::1 /dashboard/www/BankHelperAdministration/Public/assets/i/examples/admin-chrome.png
INFO: [ app_init ] --START--
INFO: Run Behavior\BuildLiteBehavior [ RunTime:0.000011s ]
INFO: [ app_init ] --END-- [ RunTime:0.000606s ]
ERR: 无法加载模块:Public

[ 2019-03-13T14:44:34+08:00 ] ::1 /dashboard/www/BankHelperAdministration/Public/assets/i/examples/admin-ie.png
INFO: [ app_init ] --START--
INFO: Run Behavior\BuildLiteBehavior [ RunTime:0.000011s ]
INFO: [ app_init ] --END-- [ RunTime:0.000418s ]
ERR: 无法加载模块:Public

[ 2019-03-13T14:44:34+08:00 ] ::1 /dashboard/www/BankHelperAdministration/Public/assets/i/examples/admin-opera.png
INFO: [ app_init ] --START--
INFO: Run Behavior\BuildLiteBehavior [ RunTime:0.000011s ]
INFO: [ app_init ] --END-- [ RunTime:0.000662s ]
ERR: 无法加载模块:Public

[ 2019-03-13T14:44:34+08:00 ] ::1 /dashboard/www/BankHelperAdministration/Public/assets/i/examples/admin-safari.png
INFO: [ app_init ] --START--
INFO: Run Behavior\BuildLiteBehavior [ RunTime:0.000014s ]
INFO: [ app_init ] --END-- [ RunTime:0.001041s ]
ERR: 无法加载模块:Public

[ 2019-03-13T14:44:34+08:00 ] ::1 /dashboard/www/BankHelperAdministration/Public/js/layer/layer.js
INFO: [ app_init ] --START--
INFO: Run Behavior\BuildLiteBehavior [ RunTime:0.000015s ]
INFO: [ app_init ] --END-- [ RunTime:0.000644s ]
ERR: 无法加载模块:Public

[ 2019-03-13T14:44:52+08:00 ] ::1 /dashboard/www/BankHelperAdministration/Public/assets/i/examples/admin-safari.png
INFO: [ app_init ] --START--
INFO: Run Behavior\BuildLiteBehavior [ RunTime:0.000010s ]
INFO: [ app_init ] --END-- [ RunTime:0.000472s ]
ERR: 无法加载模块:Public

[ 2019-03-13T14:44:52+08:00 ] ::1 /dashboard/www/BankHelperAdministration/Public/assets/i/examples/admin-opera.png
INFO: [ app_init ] --START--
INFO: Run Behavior\BuildLiteBehavior [ RunTime:0.000011s ]
INFO: [ app_init ] --END-- [ RunTime:0.001306s ]
ERR: 无法加载模块:Public

[ 2019-03-13T14:44:52+08:00 ] ::1 /dashboard/www/BankHelperAdministration/Public/js/layer/layer.js
INFO: [ app_init ] --START--
INFO: Run Behavior\BuildLiteBehavior [ RunTime:0.000010s ]
INFO: [ app_init ] --END-- [ RunTime:0.000528s ]
ERR: 无法加载模块:Public

[ 2019-03-13T14:44:52+08:00 ] ::1 /dashboard/www/BankHelperAdministration/Public/assets/i/examples/admin-chrome.png
INFO: [ app_init ] --START--
INFO: Run Behavior\BuildLiteBehavior [ RunTime:0.000010s ]
INFO: [ app_init ] --END-- [ RunTime:0.000608s ]
ERR: 无法加载模块:Public

[ 2019-03-13T14:44:52+08:00 ] ::1 /dashboard/www/BankHelperAdministration/Public/assets/i/examples/admin-firefox.png
INFO: [ app_init ] --START--
INFO: Run Behavior\BuildLiteBehavior [ RunTime:0.000011s ]
INFO: [ app_init ] --END-- [ RunTime:0.000382s ]
ERR: 无法加载模块:Public

[ 2019-03-13T14:44:52+08:00 ] ::1 /dashboard/www/BankHelperAdministration/Public/assets/i/examples/admin-ie.png
INFO: [ app_init ] --START--
INFO: Run Behavior\BuildLiteBehavior [ RunTime:0.000011s ]
INFO: [ app_init ] --END-- [ RunTime:0.000484s ]
ERR: 无法加载模块:Public

[ 2019-03-13T14:44:52+08:00 ] ::1 /dashboard/www/BankHelperAdministration/Public/js/layer/layer.js
INFO: [ app_init ] --START--
INFO: Run Behavior\BuildLiteBehavior [ RunTime:0.000013s ]
INFO: [ app_init ] --END-- [ RunTime:0.000479s ]
ERR: 无法加载模块:Public

[ 2019-03-13T14:45:23+08:00 ] ::1 /dashboard/www/BankHelperAdministration/Public/js/layer/layer.js
INFO: [ app_init ] --START--
INFO: Run Behavior\BuildLiteBehavior [ RunTime:0.000011s ]
INFO: [ app_init ] --END-- [ RunTime:0.000470s ]
ERR: 无法加载模块:Public

[ 2019-03-13T14:56:29+08:00 ] ::1 /dashboard/www/BankHelperAdministration/Public/js/layer/layer.js
INFO: [ app_init ] --START--
INFO: Run Behavior\BuildLiteBehavior [ RunTime:0.000014s ]
INFO: [ app_init ] --END-- [ RunTime:0.000563s ]
ERR: 无法加载模块:Public

[ 2019-03-13T14:56:29+08:00 ] ::1 /dashboard/www/BankHelperAdministration/Public/images/11.jpg
INFO: [ app_init ] --START--
INFO: Run Behavior\BuildLiteBehavior [ RunTime:0.000012s ]
INFO: [ app_init ] --END-- [ RunTime:0.000529s ]
ERR: 无法加载模块:Public

[ 2019-03-13T14:56:29+08:00 ] ::1 /dashboard/www/BankHelperAdministration/Public/js/layer/layer.js
INFO: [ app_init ] --START--
INFO: Run Behavior\BuildLiteBehavior [ RunTime:0.000012s ]
INFO: [ app_init ] --END-- [ RunTime:0.000450s ]
ERR: 无法加载模块:Public

[ 2019-03-13T14:56:41+08:00 ] ::1 /dashboard/www/BankHelperAdministration/Public/js/layer/layer.js
INFO: [ app_init ] --START--
INFO: Run Behavior\BuildLiteBehavior [ RunTime:0.000012s ]
INFO: [ app_init ] --END-- [ RunTime:0.000455s ]
ERR: 无法加载模块:Public

[ 2019-03-13T14:56:41+08:00 ] ::1 /dashboard/www/BankHelperAdministration/Public/images/default.png
INFO: [ app_init ] --START--
INFO: Run Behavior\BuildLiteBehavior [ RunTime:0.000012s ]
INFO: [ app_init ] --END-- [ RunTime:0.000537s ]
ERR: 无法加载模块:Public

[ 2019-03-13T14:56:41+08:00 ] ::1 /dashboard/www/BankHelperAdministration/Public/js/layer/layer.js
INFO: [ app_init ] --START--
INFO: Run Behavior\BuildLiteBehavior [ RunTime:0.000010s ]
INFO: [ app_init ] --END-- [ RunTime:0.000485s ]
ERR: 无法加载模块:Public

[ 2019-03-13T14:56:42+08:00 ] ::1 /dashboard/www/BankHelperAdministration/Public/images/11.jpg
INFO: [ app_init ] --START--
INFO: Run Behavior\BuildLiteBehavior [ RunTime:0.000011s ]
INFO: [ app_init ] --END-- [ RunTime:0.000428s ]
ERR: 无法加载模块:Public

[ 2019-03-13T14:56:42+08:00 ] ::1 /dashboard/www/BankHelperAdministration/Public/js/layer/layer.js
INFO: [ app_init ] --START--
INFO: Run Behavior\BuildLiteBehavior [ RunTime:0.000016s ]
INFO: [ app_init ] --END-- [ RunTime:0.000590s ]
ERR: 无法加载模块:Public

[ 2019-03-13T14:57:10+08:00 ] ::1 /dashboard/www/BankHelperAdministration/Public/js/layer/layer.js
INFO: [ app_init ] --START--
INFO: Run Behavior\BuildLiteBehavior [ RunTime:0.000011s ]
INFO: [ app_init ] --END-- [ RunTime:0.000584s ]
ERR: 无法加载模块:Public

[ 2019-03-13T14:57:10+08:00 ] ::1 /dashboard/www/BankHelperAdministration/Public/images/11.jpg
INFO: [ app_init ] --START--
INFO: Run Behavior\BuildLiteBehavior [ RunTime:0.000013s ]
INFO: [ app_init ] --END-- [ RunTime:0.000488s ]
ERR: 无法加载模块:Public

[ 2019-03-13T14:58:53+08:00 ] ::1 /dashboard/www/BankHelperAdministration/Public/js/layer/layer.js
INFO: [ app_init ] --START--
INFO: Run Behavior\BuildLiteBehavior [ RunTime:0.000010s ]
INFO: [ app_init ] --END-- [ RunTime:0.000420s ]
ERR: 无法加载模块:Public

[ 2019-03-13T14:58:53+08:00 ] ::1 /dashboard/www/BankHelperAdministration/Public/images/default.png
INFO: [ app_init ] --START--
INFO: Run Behavior\BuildLiteBehavior [ RunTime:0.000028s ]
INFO: [ app_init ] --END-- [ RunTime:0.000585s ]
ERR: 无法加载模块:Public

[ 2019-03-13T14:58:53+08:00 ] ::1 /dashboard/www/BankHelperAdministration/Public/js/layer/layer.js
INFO: [ app_init ] --START--
INFO: Run Behavior\BuildLiteBehavior [ RunTime:0.000012s ]
INFO: [ app_init ] --END-- [ RunTime:0.000691s ]
ERR: 无法加载模块:Public

[ 2019-03-13T14:59:20+08:00 ] ::1 /dashboard/www/BankHelperAdministration/Public/js/layer/layer.js
INFO: [ app_init ] --START--
INFO: Run Behavior\BuildLiteBehavior [ RunTime:0.000012s ]
INFO: [ app_init ] --END-- [ RunTime:0.000531s ]
ERR: 无法加载模块:Public

[ 2019-03-13T14:59:20+08:00 ] ::1 /dashboard/www/BankHelperAdministration/Public/images/default.png
INFO: [ app_init ] --START--
INFO: Run Behavior\BuildLiteBehavior [ RunTime:0.000012s ]
INFO: [ app_init ] --END-- [ RunTime:0.000452s ]
ERR: 无法加载模块:Public

[ 2019-03-13T14:59:20+08:00 ] ::1 /dashboard/www/BankHelperAdministration/Public/js/layer/layer.js
INFO: [ app_init ] --START--
INFO: Run Behavior\BuildLiteBehavior [ RunTime:0.000014s ]
INFO: [ app_init ] --END-- [ RunTime:0.000441s ]
ERR: 无法加载模块:Public

[ 2019-03-13T14:59:21+08:00 ] ::1 /dashboard/www/BankHelperAdministration/Public/images/default.png
INFO: [ app_init ] --START--
INFO: Run Behavior\BuildLiteBehavior [ RunTime:0.000011s ]
INFO: [ app_init ] --END-- [ RunTime:0.000514s ]
ERR: 无法加载模块:Public

[ 2019-03-13T14:59:21+08:00 ] ::1 /dashboard/www/BankHelperAdministration/Public/js/layer/layer.js
INFO: [ app_init ] --START--
INFO: Run Behavior\BuildLiteBehavior [ RunTime:0.000012s ]
INFO: [ app_init ] --END-- [ RunTime:0.000714s ]
ERR: 无法加载模块:Public

[ 2019-03-13T14:59:23+08:00 ] ::1 /dashboard/www/BankHelperAdministration/Public/js/layer/layer.js
INFO: [ app_init ] --START--
INFO: Run Behavior\BuildLiteBehavior [ RunTime:0.000012s ]
INFO: [ app_init ] --END-- [ RunTime:0.000453s ]
ERR: 无法加载模块:Public

[ 2019-03-13T14:59:23+08:00 ] ::1 /dashboard/www/BankHelperAdministration/Public/js/layer/layer.js
INFO: [ app_init ] --START--
INFO: Run Behavior\BuildLiteBehavior [ RunTime:0.000017s ]
INFO: [ app_init ] --END-- [ RunTime:0.000520s ]
ERR: 无法加载模块:Public

[ 2019-03-13T15:01:29+08:00 ] ::1 /dashboard/www/BankHelperAdministration/Public/js/layer/layer.js
INFO: [ app_init ] --START--
INFO: Run Behavior\BuildLiteBehavior [ RunTime:0.000011s ]
INFO: [ app_init ] --END-- [ RunTime:0.000419s ]
ERR: 无法加载模块:Public

[ 2019-03-13T15:01:29+08:00 ] ::1 /dashboard/www/BankHelperAdministration/Public/js/layer/layer.js
INFO: [ app_init ] --START--
INFO: Run Behavior\BuildLiteBehavior [ RunTime:0.000013s ]
INFO: [ app_init ] --END-- [ RunTime:0.000476s ]
ERR: 无法加载模块:Public

[ 2019-03-13T15:20:14+08:00 ] ::1 /dashboard/www/BankHelperAdministration/Public/images/default.png
INFO: [ app_init ] --START--
INFO: Run Behavior\BuildLiteBehavior [ RunTime:0.000011s ]
INFO: [ app_init ] --END-- [ RunTime:0.000455s ]
ERR: 无法加载模块:Public

[ 2019-03-13T15:22:44+08:00 ] ::1 /dashboard/www/BankHelperAdministration/Public/images/default.png
INFO: [ app_init ] --START--
INFO: Run Behavior\BuildLiteBehavior [ RunTime:0.000010s ]
INFO: [ app_init ] --END-- [ RunTime:0.000443s ]
ERR: 无法加载模块:Public

[ 2019-03-13T16:05:01+08:00 ] ::1 /dashboard/www/BankHelperAdministration/Public/images/default.png
INFO: [ app_init ] --START--
INFO: Run Behavior\BuildLiteBehavior [ RunTime:0.000012s ]
INFO: [ app_init ] --END-- [ RunTime:0.000477s ]
ERR: 无法加载模块:Public

[ 2019-03-13T16:05:03+08:00 ] ::1 /dashboard/www/BankHelperAdministration/Public/images/default.png
INFO: [ app_init ] --START--
INFO: Run Behavior\BuildLiteBehavior [ RunTime:0.000014s ]
INFO: [ app_init ] --END-- [ RunTime:0.000474s ]
ERR: 无法加载模块:Public

[ 2019-03-13T22:18:41+08:00 ] ::1 /dashboard/www/BankHelperAdministration/Public/assets/i/examples/admin-firefox.png
INFO: [ app_init ] --START--
INFO: Run Behavior\BuildLiteBehavior [ RunTime:0.000006s ]
INFO: [ app_init ] --END-- [ RunTime:0.000620s ]
ERR: 无法加载模块:Public

[ 2019-03-13T22:18:41+08:00 ] ::1 /dashboard/www/BankHelperAdministration/Public/assets/i/examples/admin-safari.png
INFO: [ app_init ] --START--
INFO: Run Behavior\BuildLiteBehavior [ RunTime:0.000006s ]
INFO: [ app_init ] --END-- [ RunTime:0.000331s ]
ERR: 无法加载模块:Public

[ 2019-03-13T22:18:41+08:00 ] ::1 /dashboard/www/BankHelperAdministration/Public/assets/i/examples/admin-opera.png
INFO: [ app_init ] --START--
INFO: Run Behavior\BuildLiteBehavior [ RunTime:0.000006s ]
INFO: [ app_init ] --END-- [ RunTime:0.000390s ]
ERR: 无法加载模块:Public

[ 2019-03-13T22:18:41+08:00 ] ::1 /dashboard/www/BankHelperAdministration/Public/assets/i/examples/admin-chrome.png
INFO: [ app_init ] --START--
INFO: Run Behavior\BuildLiteBehavior [ RunTime:0.000009s ]
INFO: [ app_init ] --END-- [ RunTime:0.000782s ]
ERR: 无法加载模块:Public

[ 2019-03-13T22:18:44+08:00 ] ::1 /dashboard/www/BankHelperAdministration/Public/images/default.png
INFO: [ app_init ] --START--
INFO: Run Behavior\BuildLiteBehavior [ RunTime:0.000018s ]
INFO: [ app_init ] --END-- [ RunTime:0.000765s ]
ERR: 无法加载模块:Public

[ 2019-03-13T22:18:45+08:00 ] ::1 /dashboard/www/BankHelperAdministration/Public/images/default.png
INFO: [ app_init ] --START--
INFO: Run Behavior\BuildLiteBehavior [ RunTime:0.000006s ]
INFO: [ app_init ] --END-- [ RunTime:0.000363s ]
ERR: 无法加载模块:Public

[ 2019-03-13T22:19:00+08:00 ] ::1 /dashboard/www/BankHelperAdministration/Public/assets/i/examples/admin-ie.png
INFO: [ app_init ] --START--
INFO: Run Behavior\BuildLiteBehavior [ RunTime:0.000007s ]
INFO: [ app_init ] --END-- [ RunTime:0.000345s ]
ERR: 无法加载模块:Public

[ 2019-03-13T22:19:00+08:00 ] ::1 /dashboard/www/BankHelperAdministration/Public/assets/i/examples/admin-firefox.png
INFO: [ app_init ] --START--
INFO: Run Behavior\BuildLiteBehavior [ RunTime:0.000006s ]
INFO: [ app_init ] --END-- [ RunTime:0.000333s ]
ERR: 无法加载模块:Public

[ 2019-03-13T22:19:00+08:00 ] ::1 /dashboard/www/BankHelperAdministration/Public/assets/i/examples/admin-chrome.png
INFO: [ app_init ] --START--
INFO: Run Behavior\BuildLiteBehavior [ RunTime:0.000006s ]
INFO: [ app_init ] --END-- [ RunTime:0.000382s ]
ERR: 无法加载模块:Public

[ 2019-03-13T22:19:00+08:00 ] ::1 /dashboard/www/BankHelperAdministration/Public/assets/i/examples/admin-safari.png
INFO: [ app_init ] --START--
INFO: Run Behavior\BuildLiteBehavior [ RunTime:0.000006s ]
INFO: [ app_init ] --END-- [ RunTime:0.000401s ]
ERR: 无法加载模块:Public

[ 2019-03-13T22:19:04+08:00 ] ::1 /dashboard/www/BankHelperAdministration/Public/assets/i/examples/admin-firefox.png
INFO: [ app_init ] --START--
INFO: Run Behavior\BuildLiteBehavior [ RunTime:0.000007s ]
INFO: [ app_init ] --END-- [ RunTime:0.000395s ]
ERR: 无法加载模块:Public

[ 2019-03-13T22:19:04+08:00 ] ::1 /dashboard/www/BankHelperAdministration/Public/assets/i/examples/admin-chrome.png
INFO: [ app_init ] --START--
INFO: Run Behavior\BuildLiteBehavior [ RunTime:0.000007s ]
INFO: [ app_init ] --END-- [ RunTime:0.000390s ]
ERR: 无法加载模块:Public

[ 2019-03-13T22:19:04+08:00 ] ::1 /dashboard/www/BankHelperAdministration/Public/assets/i/examples/admin-ie.png
INFO: [ app_init ] --START--
INFO: Run Behavior\BuildLiteBehavior [ RunTime:0.000008s ]
INFO: [ app_init ] --END-- [ RunTime:0.000538s ]
ERR: 无法加载模块:Public

[ 2019-03-13T22:19:04+08:00 ] ::1 /dashboard/www/BankHelperAdministration/Public/assets/i/examples/admin-safari.png
INFO: [ app_init ] --START--
INFO: Run Behavior\BuildLiteBehavior [ RunTime:0.000010s ]
INFO: [ app_init ] --END-- [ RunTime:0.000393s ]
ERR: 无法加载模块:Public

[ 2019-03-13T22:19:04+08:00 ] ::1 /dashboard/www/BankHelperAdministration/Public/assets/i/examples/admin-opera.png
INFO: [ app_init ] --START--
INFO: Run Behavior\BuildLiteBehavior [ RunTime:0.000008s ]
INFO: [ app_init ] --END-- [ RunTime:0.000422s ]
ERR: 无法加载模块:Public

[ 2019-03-13T22:33:12+08:00 ] ::1 /dashboard/www/BankHelperAdministration/Public/images/default.png
INFO: [ app_init ] --START--
INFO: Run Behavior\BuildLiteBehavior [ RunTime:0.000006s ]
INFO: [ app_init ] --END-- [ RunTime:0.000376s ]
ERR: 无法加载模块:Public

[ 2019-03-13T22:33:13+08:00 ] ::1 /dashboard/www/BankHelperAdministration/Public/images/default.png
INFO: [ app_init ] --START--
INFO: Run Behavior\BuildLiteBehavior [ RunTime:0.000005s ]
INFO: [ app_init ] --END-- [ RunTime:0.000323s ]

[ 2019-03-13T16:33:08+08:00 ] ::1 /dashboard/www/BankHelperAdministration/Public/images/default.png
INFO: [ app_init ] --START--
INFO: Run Behavior\BuildLiteBehavior [ RunTime:0.000012s ]
INFO: [ app_init ] --END-- [ RunTime:0.000483s ]
ERR: 无法加载模块:Public

[ 2019-03-13T16:33:10+08:00 ] ::1 /dashboard/www/BankHelperAdministration/Public/images/default.png
INFO: [ app_init ] --START--
INFO: Run Behavior\BuildLiteBehavior [ RunTime:0.000013s ]
INFO: [ app_init ] --END-- [ RunTime:0.000486s ]
ERR: 无法加载模块:Public

[ 2019-03-13T16:34:26+08:00 ] ::1 /dashboard/www/BankHelperAdministration/Public/images/default.png
INFO: [ app_init ] --START--
INFO: Run Behavior\BuildLiteBehavior [ RunTime:0.000011s ]
INFO: [ app_init ] --END-- [ RunTime:0.000378s ]
ERR: 无法加载模块:Public

[ 2019-03-13T16:34:28+08:00 ] ::1 /dashboard/www/BankHelperAdministration/Public/images/default.png
INFO: [ app_init ] --START--
INFO: Run Behavior\BuildLiteBehavior [ RunTime:0.000011s ]
INFO: [ app_init ] --END-- [ RunTime:0.000387s ]
ERR: 无法加载模块:Public

